2026/01/03 18:01:27 [notice] 1#1: signal 3 (SIGQUIT) received, shutting down
2026/01/03 18:01:27 [notice] 29#29: gracefully shutting down
2026/01/03 18:01:27 [notice] 30#30: gracefully shutting down
2026/01/03 18:01:27 [notice] 30#30: exiting
2026/01/03 18:01:27 [notice] 35#35: gracefully shutting down
2026/01/03 18:01:27 [notice] 35#35: exiting
2026/01/03 18:01:27 [notice] 32#32: gracefully shutting down
2026/01/03 18:01:27 [notice] 34#34: gracefully shutting down
2026/01/03 18:01:27 [notice] 36#36: gracefully shutting down
2026/01/03 18:01:27 [notice] 36#36: exiting
2026/01/03 18:01:27 [notice] 31#31: gracefully shutting down
2026/01/03 18:01:27 [notice] 37#37: gracefully shutting down
2026/01/03 18:01:27 [notice] 33#33: gracefully shutting down
2026/01/03 18:01:27 [notice] 37#37: exiting
2026/01/03 18:01:27 [notice] 38#38: gracefully shutting down
2026/01/03 18:01:27 [notice] 37#37: exit
2026/01/03 18:01:27 [notice] 29#29: exiting
2026/01/03 18:01:27 [notice] 30#30: exit
2026/01/03 18:01:27 [notice] 29#29: exit
2026/01/03 18:01:27 [notice] 35#35: exit
2026/01/03 18:01:27 [notice] 32#32: exiting
2026/01/03 18:01:27 [notice] 32#32: exit
2026/01/03 18:01:27 [notice] 34#34: exiting
2026/01/03 18:01:27 [notice] 34#34: exit
2026/01/03 18:01:27 [notice] 36#36: exit
2026/01/03 18:01:27 [notice] 31#31: exiting
2026/01/03 18:01:27 [notice] 31#31: exit
2026/01/03 18:01:27 [notice] 33#33: exiting
2026/01/03 18:01:27 [notice] 33#33: exit
2026/01/03 18:01:27 [notice] 38#38: exiting
2026/01/03 18:01:27 [notice] 38#38: exit
2026/01/03 18:01:27 [notice] 1#1: signal 17 (SIGCHLD) received from 30
2026/01/03 18:01:27 [notice] 1#1: worker process 29 exited with code 0
2026/01/03 18:01:27 [notice] 1#1: worker process 30 exited with code 0
2026/01/03 18:01:27 [notice] 1#1: worker process 37 exited with code 0
2026/01/03 18:01:27 [notice] 1#1: signal 29 (SIGIO) received
2026/01/03 18:01:27 [notice] 1#1: signal 17 (SIGCHLD) received from 38
2026/01/03 18:01:27 [notice] 1#1: worker process 31 exited with code 0
2026/01/03 18:01:27 [notice] 1#1: worker process 32 exited with code 0
2026/01/03 18:01:27 [notice] 1#1: worker process 33 exited with code 0
2026/01/03 18:01:27 [notice] 1#1: worker process 34 exited with code 0
2026/01/03 18:01:27 [notice] 1#1: worker process 35 exited with code 0
2026/01/03 18:01:27 [notice] 1#1: worker process 36 exited with code 0
2026/01/03 18:01:27 [notice] 1#1: worker process 38 exited with code 0
2026/01/03 18:01:27 [notice] 1#1: exit
2026/01/04 06:33:46 [notice] 1#1: using the "epoll" event method
2026/01/04 06:33:46 [notice] 1#1: nginx/1.28.1
2026/01/04 06:33:46 [notice] 1#1: built by gcc 15.2.0 (Alpine 15.2.0) 
2026/01/04 06:33:46 [notice] 1#1: OS: Linux 6.12.54-linuxkit
2026/01/04 06:33:46 [notice] 1#1: getrlimit(RLIMIT_NOFILE): 1048576:1048576
2026/01/04 06:33:46 [notice] 1#1: start worker processes
2026/01/04 06:33:46 [notice] 1#1: start worker process 29
2026/01/04 06:33:46 [notice] 1#1: start worker process 30
2026/01/04 06:33:46 [notice] 1#1: start worker process 31
2026/01/04 06:33:46 [notice] 1#1: start worker process 32
2026/01/04 06:33:46 [notice] 1#1: start worker process 33
2026/01/04 06:33:46 [notice] 1#1: start worker process 34
2026/01/04 06:33:46 [notice] 1#1: start worker process 35
2026/01/04 06:33:46 [notice] 1#1: start worker process 36
2026/01/04 06:33:46 [notice] 1#1: start worker process 37
2026/01/04 06:33:46 [notice] 1#1: start worker process 38
2026/01/04 15:40:02 [notice] 1#1: signal 3 (SIGQUIT) received, shutting down
2026/01/04 15:40:02 [notice] 29#29: gracefully shutting down
2026/01/04 15:40:02 [notice] 30#30: gracefully shutting down
2026/01/04 15:40:02 [notice] 33#33: gracefully shutting down
2026/01/04 15:40:02 [notice] 31#31: gracefully shutting down
2026/01/04 15:40:02 [notice] 33#33: exiting
2026/01/04 15:40:02 [notice] 37#37: gracefully shutting down
2026/01/04 15:40:02 [notice] 36#36: gracefully shutting down
2026/01/04 15:40:02 [notice] 34#34: gracefully shutting down
2026/01/04 15:40:02 [notice] 34#34: exiting
2026/01/04 15:40:02 [notice] 32#32: gracefully shutting down
2026/01/04 15:40:02 [notice] 29#29: exiting
2026/01/04 15:40:02 [notice] 32#32: exiting
2026/01/04 15:40:02 [notice] 30#30: exiting
2026/01/04 15:40:02 [notice] 32#32: exit
2026/01/04 15:40:02 [notice] 31#31: exiting
2026/01/04 15:40:02 [notice] 31#31: exit
2026/01/04 15:40:02 [notice] 33#33: exit
2026/01/04 15:40:02 [notice] 37#37: exiting
2026/01/04 15:40:02 [notice] 36#36: exiting
2026/01/04 15:40:02 [notice] 36#36: exit
2026/01/04 15:40:02 [notice] 38#38: gracefully shutting down
2026/01/04 15:40:02 [notice] 35#35: gracefully shutting down
2026/01/04 15:40:02 [notice] 35#35: exiting
2026/01/04 15:40:02 [notice] 34#34: exit
2026/01/04 15:40:02 [notice] 29#29: exit
2026/01/04 15:40:02 [notice] 30#30: exit
2026/01/04 15:40:02 [notice] 37#37: exit
2026/01/04 15:40:02 [notice] 38#38: exiting
2026/01/04 15:40:02 [notice] 35#35: exit
2026/01/04 15:40:02 [notice] 38#38: exit
2026/01/04 15:40:02 [notice] 1#1: signal 17 (SIGCHLD) received from 31
2026/01/04 15:40:02 [notice] 1#1: worker process 31 exited with code 0
2026/01/04 15:40:02 [notice] 1#1: worker process 32 exited with code 0
2026/01/04 15:40:02 [notice] 1#1: signal 29 (SIGIO) received
2026/01/04 15:40:02 [notice] 1#1: signal 17 (SIGCHLD) received from 36
2026/01/04 15:40:02 [notice] 1#1: worker process 29 exited with code 0
2026/01/04 15:40:02 [notice] 1#1: worker process 33 exited with code 0
2026/01/04 15:40:02 [notice] 1#1: worker process 34 exited with code 0
2026/01/04 15:40:02 [notice] 1#1: worker process 36 exited with code 0
2026/01/04 15:40:02 [notice] 1#1: signal 17 (SIGCHLD) received from 34
2026/01/04 15:40:02 [notice] 1#1: signal 29 (SIGIO) received
2026/01/04 15:40:02 [notice] 1#1: signal 17 (SIGCHLD) received from 30
2026/01/04 15:40:02 [notice] 1#1: worker process 30 exited with code 0
2026/01/04 15:40:02 [notice] 1#1: worker process 35 exited with code 0
2026/01/04 15:40:02 [notice] 1#1: signal 29 (SIGIO) received
2026/01/04 15:40:02 [notice] 1#1: signal 17 (SIGCHLD) received from 37
2026/01/04 15:40:02 [notice] 1#1: worker process 37 exited with code 0
2026/01/04 15:40:02 [notice] 1#1: signal 29 (SIGIO) received
2026/01/04 15:40:02 [notice] 1#1: signal 17 (SIGCHLD) received from 38
2026/01/04 15:40:02 [notice] 1#1: worker process 38 exited with code 0
2026/01/04 15:40:02 [notice] 1#1: exit
2026/01/05 12:32:23 [notice] 1#1: using the "epoll" event method
2026/01/05 12:32:23 [notice] 1#1: nginx/1.28.1
2026/01/05 12:32:23 [notice] 1#1: built by gcc 15.2.0 (Alpine 15.2.0) 
2026/01/05 12:32:23 [notice] 1#1: OS: Linux 6.12.54-linuxkit
2026/01/05 12:32:23 [notice] 1#1: getrlimit(RLIMIT_NOFILE): 1048576:1048576
2026/01/05 12:32:23 [notice] 1#1: start worker processes
2026/01/05 12:32:23 [notice] 1#1: start worker process 29
2026/01/05 12:32:23 [notice] 1#1: start worker process 30
2026/01/05 12:32:23 [notice] 1#1: start worker process 31
2026/01/05 12:32:23 [notice] 1#1: start worker process 32
2026/01/05 12:32:23 [notice] 1#1: start worker process 33
2026/01/05 12:32:23 [notice] 1#1: start worker process 34
2026/01/05 12:32:23 [notice] 1#1: start worker process 35
2026/01/05 12:32:23 [notice] 1#1: start worker process 36
2026/01/05 12:32:23 [notice] 1#1: start worker process 37
2026/01/05 12:32:23 [notice] 1#1: start worker process 38
2026/01/05 15:42:53 [notice] 1#1: signal 3 (SIGQUIT) received, shutting down
2026/01/05 15:42:53 [notice] 29#29: gracefully shutting down
2026/01/05 15:42:53 [notice] 32#32: gracefully shutting down
2026/01/05 15:42:53 [notice] 33#33: gracefully shutting down
2026/01/05 15:42:53 [notice] 33#33: exiting
2026/01/05 15:42:53 [notice] 31#31: gracefully shutting down
2026/01/05 15:42:53 [notice] 38#38: gracefully shutting down
2026/01/05 15:42:53 [notice] 34#34: gracefully shutting down
2026/01/05 15:42:53 [notice] 34#34: exiting
2026/01/05 15:42:53 [notice] 35#35: gracefully shutting down
2026/01/05 15:42:53 [notice] 35#35: exiting
2026/01/05 15:42:53 [notice] 36#36: gracefully shutting down
2026/01/05 15:42:53 [notice] 36#36: exiting
2026/01/05 15:42:53 [notice] 37#37: gracefully shutting down
2026/01/05 15:42:53 [notice] 30#30: gracefully shutting down
2026/01/05 15:42:53 [notice] 29#29: exiting
2026/01/05 15:42:53 [notice] 29#29: exit
2026/01/05 15:42:53 [notice] 32#32: exiting
2026/01/05 15:42:53 [notice] 31#31: exiting
2026/01/05 15:42:53 [notice] 33#33: exit
2026/01/05 15:42:53 [notice] 38#38: exiting
2026/01/05 15:42:53 [notice] 34#34: exit
2026/01/05 15:42:53 [notice] 35#35: exit
2026/01/05 15:42:53 [notice] 36#36: exit
2026/01/05 15:42:53 [notice] 37#37: exiting
2026/01/05 15:42:53 [notice] 30#30: exiting
2026/01/05 15:42:53 [notice] 30#30: exit
2026/01/05 15:42:53 [notice] 32#32: exit
2026/01/05 15:42:53 [notice] 31#31: exit
2026/01/05 15:42:53 [notice] 38#38: exit
2026/01/05 15:42:53 [notice] 37#37: exit
2026/01/05 15:42:53 [notice] 1#1: signal 17 (SIGCHLD) received from 29
2026/01/05 15:42:53 [notice] 1#1: worker process 29 exited with code 0
2026/01/05 15:42:53 [notice] 1#1: signal 29 (SIGIO) received
2026/01/05 15:42:53 [notice] 1#1: signal 17 (SIGCHLD) received from 36
2026/01/05 15:42:53 [notice] 1#1: worker process 35 exited with code 0
2026/01/05 15:42:53 [notice] 1#1: worker process 36 exited with code 0
2026/01/05 15:42:53 [notice] 1#1: worker process 37 exited with code 0
2026/01/05 15:42:53 [notice] 1#1: worker process 30 exited with code 0
2026/01/05 15:42:53 [notice] 1#1: signal 29 (SIGIO) received
2026/01/05 15:42:53 [notice] 1#1: signal 17 (SIGCHLD) received from 35
2026/01/05 15:42:53 [notice] 1#1: signal 17 (SIGCHLD) received from 33
2026/01/05 15:42:53 [notice] 1#1: worker process 33 exited with code 0
2026/01/05 15:42:53 [notice] 1#1: signal 29 (SIGIO) received
2026/01/05 15:42:53 [notice] 1#1: signal 17 (SIGCHLD) received from 31
2026/01/05 15:42:53 [notice] 1#1: worker process 31 exited with code 0
2026/01/05 15:42:53 [notice] 1#1: worker process 32 exited with code 0
2026/01/05 15:42:53 [notice] 1#1: worker process 34 exited with code 0
2026/01/05 15:42:53 [notice] 1#1: worker process 38 exited with code 0
2026/01/05 15:42:53 [notice] 1#1: exit
2026/01/06 12:15:11 [notice] 1#1: using the "epoll" event method
2026/01/06 12:15:11 [notice] 1#1: nginx/1.28.1
2026/01/06 12:15:11 [notice] 1#1: built by gcc 15.2.0 (Alpine 15.2.0) 
2026/01/06 12:15:11 [notice] 1#1: OS: Linux 6.12.54-linuxkit
2026/01/06 12:15:11 [notice] 1#1: getrlimit(RLIMIT_NOFILE): 1048576:1048576
2026/01/06 12:15:11 [notice] 1#1: start worker processes
2026/01/06 12:15:11 [notice] 1#1: start worker process 29
2026/01/06 12:15:11 [notice] 1#1: start worker process 30
2026/01/06 12:15:11 [notice] 1#1: start worker process 31
2026/01/06 12:15:11 [notice] 1#1: start worker process 32
2026/01/06 12:15:11 [notice] 1#1: start worker process 33
2026/01/06 12:15:11 [notice] 1#1: start worker process 34
2026/01/06 12:15:11 [notice] 1#1: start worker process 35
2026/01/06 12:15:11 [notice] 1#1: start worker process 36
2026/01/06 12:15:11 [notice] 1#1: start worker process 37
2026/01/06 12:15:11 [notice] 1#1: start worker process 38
2026/01/06 15:43:35 [notice] 1#1: signal 3 (SIGQUIT) received, shutting down
2026/01/06 15:43:35 [notice] 30#30: gracefully shutting down
2026/01/06 15:43:35 [notice] 38#38: gracefully shutting down
2026/01/06 15:43:35 [notice] 34#34: gracefully shutting down
2026/01/06 15:43:35 [notice] 31#31: gracefully shutting down
2026/01/06 15:43:35 [notice] 29#29: gracefully shutting down
2026/01/06 15:43:35 [notice] 29#29: exiting
2026/01/06 15:43:35 [notice] 36#36: gracefully shutting down
2026/01/06 15:43:35 [notice] 35#35: gracefully shutting down
2026/01/06 15:43:35 [notice] 33#33: gracefully shutting down
2026/01/06 15:43:35 [notice] 37#37: gracefully shutting down
2026/01/06 15:43:35 [notice] 30#30: exiting
2026/01/06 15:43:35 [notice] 38#38: exiting
2026/01/06 15:43:35 [notice] 34#34: exiting
2026/01/06 15:43:35 [notice] 34#34: exit
2026/01/06 15:43:35 [notice] 31#31: exiting
2026/01/06 15:43:35 [notice] 36#36: exiting
2026/01/06 15:43:35 [notice] 36#36: exit
2026/01/06 15:43:35 [notice] 35#35: exiting
2026/01/06 15:43:35 [notice] 35#35: exit
2026/01/06 15:43:35 [notice] 29#29: exit
2026/01/06 15:43:35 [notice] 32#32: gracefully shutting down
2026/01/06 15:43:35 [notice] 33#33: exiting
2026/01/06 15:43:35 [notice] 33#33: exit
2026/01/06 15:43:35 [notice] 37#37: exiting
2026/01/06 15:43:35 [notice] 38#38: exit
2026/01/06 15:43:35 [notice] 30#30: exit
2026/01/06 15:43:35 [notice] 31#31: exit
2026/01/06 15:43:35 [notice] 32#32: exiting
2026/01/06 15:43:35 [notice] 32#32: exit
2026/01/06 15:43:35 [notice] 37#37: exit
2026/01/06 15:43:35 [notice] 1#1: signal 17 (SIGCHLD) received from 34
2026/01/06 15:43:35 [notice] 1#1: worker process 34 exited with code 0
2026/01/06 15:43:35 [notice] 1#1: signal 29 (SIGIO) received
2026/01/06 15:43:35 [notice] 1#1: signal 17 (SIGCHLD) received from 36
2026/01/06 15:43:35 [notice] 1#1: worker process 36 exited with code 0
2026/01/06 15:43:35 [notice] 1#1: signal 29 (SIGIO) received
2026/01/06 15:43:35 [notice] 1#1: signal 17 (SIGCHLD) received from 29
2026/01/06 15:43:35 [notice] 1#1: worker process 29 exited with code 0
2026/01/06 15:43:35 [notice] 1#1: worker process 33 exited with code 0
2026/01/06 15:43:35 [notice] 1#1: signal 29 (SIGIO) received
2026/01/06 15:43:35 [notice] 1#1: signal 17 (SIGCHLD) received from 33
2026/01/06 15:43:35 [notice] 1#1: signal 17 (SIGCHLD) received from 35
2026/01/06 15:43:35 [notice] 1#1: worker process 30 exited with code 0
2026/01/06 15:43:35 [notice] 1#1: worker process 35 exited with code 0
2026/01/06 15:43:35 [notice] 1#1: worker process 38 exited with code 0
2026/01/06 15:43:35 [notice] 1#1: signal 29 (SIGIO) received
2026/01/06 15:43:35 [notice] 1#1: signal 17 (SIGCHLD) received from 38
2026/01/06 15:43:35 [notice] 1#1: signal 17 (SIGCHLD) received from 37
2026/01/06 15:43:35 [notice] 1#1: worker process 32 exited with code 0
2026/01/06 15:43:35 [notice] 1#1: worker process 37 exited with code 0
2026/01/06 15:43:35 [notice] 1#1: signal 29 (SIGIO) received
2026/01/06 15:43:35 [notice] 1#1: signal 17 (SIGCHLD) received from 31
2026/01/06 15:43:35 [notice] 1#1: worker process 31 exited with code 0
2026/01/06 15:43:35 [notice] 1#1: exit
2026/01/07 11:53:25 [notice] 1#1: using the "epoll" event method
2026/01/07 11:53:25 [notice] 1#1: nginx/1.28.1
2026/01/07 11:53:25 [notice] 1#1: built by gcc 15.2.0 (Alpine 15.2.0) 
2026/01/07 11:53:25 [notice] 1#1: OS: Linux 6.12.54-linuxkit
2026/01/07 11:53:25 [notice] 1#1: getrlimit(RLIMIT_NOFILE): 1048576:1048576
2026/01/07 11:53:25 [notice] 1#1: start worker processes
2026/01/07 11:53:25 [notice] 1#1: start worker process 29
2026/01/07 11:53:25 [notice] 1#1: start worker process 30
2026/01/07 11:53:25 [notice] 1#1: start worker process 31
2026/01/07 11:53:25 [notice] 1#1: start worker process 32
2026/01/07 11:53:25 [notice] 1#1: start worker process 33
2026/01/07 11:53:25 [notice] 1#1: start worker process 34
2026/01/07 11:53:25 [notice] 1#1: start worker process 35
2026/01/07 11:53:25 [notice] 1#1: start worker process 36
2026/01/07 11:53:25 [notice] 1#1: start worker process 37
2026/01/07 11:53:25 [notice] 1#1: start worker process 38
2026/01/07 15:27:33 [notice] 1#1: signal 3 (SIGQUIT) received, shutting down
2026/01/07 15:27:33 [notice] 29#29: gracefully shutting down
2026/01/07 15:27:33 [notice] 33#33: gracefully shutting down
2026/01/07 15:27:33 [notice] 33#33: exiting
2026/01/07 15:27:33 [notice] 30#30: gracefully shutting down
2026/01/07 15:27:33 [notice] 37#37: gracefully shutting down
2026/01/07 15:27:33 [notice] 32#32: gracefully shutting down
2026/01/07 15:27:33 [notice] 36#36: gracefully shutting down
2026/01/07 15:27:33 [notice] 32#32: exiting
2026/01/07 15:27:33 [notice] 29#29: exiting
2026/01/07 15:27:33 [notice] 34#34: gracefully shutting down
2026/01/07 15:27:33 [notice] 29#29: exit
2026/01/07 15:27:33 [notice] 35#35: gracefully shutting down
2026/01/07 15:27:33 [notice] 31#31: gracefully shutting down
2026/01/07 15:27:33 [notice] 38#38: gracefully shutting down
2026/01/07 15:27:33 [notice] 35#35: exiting
2026/01/07 15:27:33 [notice] 37#37: exiting
2026/01/07 15:27:33 [notice] 33#33: exit
2026/01/07 15:27:33 [notice] 36#36: exiting
2026/01/07 15:27:33 [notice] 32#32: exit
2026/01/07 15:27:33 [notice] 36#36: exit
2026/01/07 15:27:33 [notice] 34#34: exiting
2026/01/07 15:27:33 [notice] 34#34: exit
2026/01/07 15:27:33 [notice] 31#31: exiting
2026/01/07 15:27:33 [notice] 38#38: exiting
2026/01/07 15:27:33 [notice] 37#37: exit
2026/01/07 15:27:33 [notice] 38#38: exit
2026/01/07 15:27:33 [notice] 35#35: exit
2026/01/07 15:27:33 [notice] 31#31: exit
2026/01/07 15:27:33 [notice] 1#1: signal 17 (SIGCHLD) received from 34
2026/01/07 15:27:33 [notice] 1#1: worker process 29 exited with code 0
2026/01/07 15:27:33 [notice] 1#1: worker process 34 exited with code 0
2026/01/07 15:27:33 [notice] 1#1: worker process 36 exited with code 0
2026/01/07 15:27:33 [notice] 1#1: worker process 37 exited with code 0
2026/01/07 15:27:33 [notice] 1#1: signal 29 (SIGIO) received
2026/01/07 15:27:33 [notice] 1#1: signal 17 (SIGCHLD) received from 29
2026/01/07 15:27:33 [notice] 1#1: signal 17 (SIGCHLD) received from 32
2026/01/07 15:27:33 [notice] 1#1: worker process 32 exited with code 0
2026/01/07 15:27:33 [notice] 1#1: signal 29 (SIGIO) received
2026/01/07 15:27:33 [notice] 1#1: signal 17 (SIGCHLD) received from 33
2026/01/07 15:27:33 [notice] 1#1: worker process 31 exited with code 0
2026/01/07 15:27:33 [notice] 1#1: worker process 33 exited with code 0
2026/01/07 15:27:33 [notice] 1#1: worker process 38 exited with code 0
2026/01/07 15:27:33 [notice] 1#1: signal 29 (SIGIO) received
2026/01/07 15:27:33 [notice] 1#1: signal 17 (SIGCHLD) received from 35
2026/01/07 15:27:33 [notice] 1#1: worker process 35 exited with code 0
2026/01/07 15:27:33 [notice] 1#1: signal 29 (SIGIO) received
2026/01/08 12:46:05 [notice] 1#1: using the "epoll" event method
2026/01/08 12:46:05 [notice] 1#1: nginx/1.28.1
2026/01/08 12:46:05 [notice] 1#1: built by gcc 15.2.0 (Alpine 15.2.0) 
2026/01/08 12:46:05 [notice] 1#1: OS: Linux 6.12.54-linuxkit
2026/01/08 12:46:05 [notice] 1#1: getrlimit(RLIMIT_NOFILE): 1048576:1048576
2026/01/08 12:46:05 [notice] 1#1: start worker processes
2026/01/08 12:46:05 [notice] 1#1: start worker process 29
2026/01/08 12:46:05 [notice] 1#1: start worker process 30
2026/01/08 12:46:05 [notice] 1#1: start worker process 31
2026/01/08 12:46:05 [notice] 1#1: start worker process 32
2026/01/08 12:46:05 [notice] 1#1: start worker process 33
2026/01/08 12:46:05 [notice] 1#1: start worker process 34
2026/01/08 12:46:05 [notice] 1#1: start worker process 35
2026/01/08 12:46:05 [notice] 1#1: start worker process 36
2026/01/08 12:46:05 [notice] 1#1: start worker process 37
2026/01/08 12:46:05 [notice] 1#1: start worker process 38
2026/01/08 14:20:13 [notice] 1#1: signal 3 (SIGQUIT) received, shutting down
2026/01/08 14:20:13 [notice] 38#38: gracefully shutting down
2026/01/08 14:20:13 [notice] 35#35: gracefully shutting down
2026/01/08 14:20:13 [notice] 29#29: gracefully shutting down
2026/01/08 14:20:13 [notice] 30#30: gracefully shutting down
2026/01/08 14:20:13 [notice] 31#31: gracefully shutting down
2026/01/08 14:20:13 [notice] 29#29: exiting
2026/01/08 14:20:13 [notice] 32#32: gracefully shutting down
2026/01/08 14:20:13 [notice] 33#33: gracefully shutting down
2026/01/08 14:20:13 [notice] 34#34: gracefully shutting down
2026/01/08 14:20:13 [notice] 36#36: gracefully shutting down
2026/01/08 14:20:13 [notice] 37#37: gracefully shutting down
2026/01/08 14:20:13 [notice] 34#34: exiting
2026/01/08 14:20:13 [notice] 38#38: exiting
2026/01/08 14:20:13 [notice] 35#35: exiting
2026/01/08 14:20:13 [notice] 30#30: exiting
2026/01/08 14:20:13 [notice] 31#31: exiting
2026/01/08 14:20:13 [notice] 30#30: exit
2026/01/08 14:20:13 [notice] 29#29: exit
2026/01/08 14:20:13 [notice] 32#32: exiting
2026/01/08 14:20:13 [notice] 33#33: exiting
2026/01/08 14:20:13 [notice] 36#36: exiting
2026/01/08 14:20:13 [notice] 32#32: exit
2026/01/08 14:20:13 [notice] 37#37: exiting
2026/01/08 14:20:13 [notice] 34#34: exit
2026/01/08 14:20:13 [notice] 38#38: exit
2026/01/08 14:20:13 [notice] 37#37: exit
2026/01/08 14:20:13 [notice] 35#35: exit
2026/01/08 14:20:13 [notice] 31#31: exit
2026/01/08 14:20:13 [notice] 33#33: exit
2026/01/08 14:20:13 [notice] 36#36: exit
2026/01/08 14:20:13 [notice] 1#1: signal 17 (SIGCHLD) received from 33
2026/01/08 14:20:13 [notice] 1#1: worker process 29 exited with code 0
2026/01/08 14:20:13 [notice] 1#1: worker process 30 exited with code 0
2026/01/08 14:20:13 [notice] 1#1: worker process 31 exited with code 0
2026/01/08 14:20:13 [notice] 1#1: worker process 32 exited with code 0
2026/01/08 14:20:13 [notice] 1#1: worker process 33 exited with code 0
2026/01/08 14:20:13 [notice] 1#1: worker process 34 exited with code 0
2026/01/08 14:20:13 [notice] 1#1: worker process 35 exited with code 0
2026/01/08 14:20:13 [notice] 1#1: worker process 36 exited with code 0
2026/01/08 14:20:13 [notice] 1#1: worker process 37 exited with code 0
2026/01/08 14:20:13 [notice] 1#1: worker process 38 exited with code 0
2026/01/08 14:20:13 [notice] 1#1: exit
2026/01/09 14:43:22 [notice] 1#1: using the "epoll" event method
2026/01/09 14:43:22 [notice] 1#1: nginx/1.28.1
2026/01/09 14:43:22 [notice] 1#1: built by gcc 15.2.0 (Alpine 15.2.0) 
2026/01/09 14:43:22 [notice] 1#1: OS: Linux 6.12.54-linuxkit
2026/01/09 14:43:22 [notice] 1#1: getrlimit(RLIMIT_NOFILE): 1048576:1048576
2026/01/09 14:43:22 [notice] 1#1: start worker processes
2026/01/09 14:43:22 [notice] 1#1: start worker process 29
2026/01/09 14:43:22 [notice] 1#1: start worker process 30
2026/01/09 14:43:22 [notice] 1#1: start worker process 31
2026/01/09 14:43:22 [notice] 1#1: start worker process 32
2026/01/09 14:43:22 [notice] 1#1: start worker process 33
2026/01/09 14:43:22 [notice] 1#1: start worker process 34
2026/01/09 14:43:22 [notice] 1#1: start worker process 35
2026/01/09 14:43:22 [notice] 1#1: start worker process 36
2026/01/09 14:43:22 [notice] 1#1: start worker process 37
2026/01/09 14:43:22 [notice] 1#1: start worker process 38
2026/01/09 15:16:01 [notice] 1#1: signal 3 (SIGQUIT) received, shutting down
2026/01/09 15:16:01 [notice] 31#31: gracefully shutting down
2026/01/09 15:16:01 [notice] 31#31: exiting
2026/01/09 15:16:01 [notice] 33#33: gracefully shutting down
2026/01/09 15:16:01 [notice] 33#33: exiting
2026/01/09 15:16:01 [notice] 38#38: gracefully shutting down
2026/01/09 15:16:01 [notice] 32#32: gracefully shutting down
2026/01/09 15:16:01 [notice] 38#38: exiting
2026/01/09 15:16:01 [notice] 35#35: gracefully shutting down
2026/01/09 15:16:01 [notice] 29#29: gracefully shutting down
2026/01/09 15:16:01 [notice] 29#29: exiting
2026/01/09 15:16:01 [notice] 37#37: gracefully shutting down
2026/01/09 15:16:01 [notice] 36#36: gracefully shutting down
2026/01/09 15:16:01 [notice] 30#30: gracefully shutting down
2026/01/09 15:16:01 [notice] 34#34: gracefully shutting down
2026/01/09 15:16:01 [notice] 31#31: exit
2026/01/09 15:16:01 [notice] 33#33: exit
2026/01/09 15:16:01 [notice] 32#32: exiting
2026/01/09 15:16:01 [notice] 35#35: exiting
2026/01/09 15:16:01 [notice] 32#32: exit
2026/01/09 15:16:01 [notice] 38#38: exit
2026/01/09 15:16:01 [notice] 29#29: exit
2026/01/09 15:16:01 [notice] 37#37: exiting
2026/01/09 15:16:01 [notice] 37#37: exit
2026/01/09 15:16:01 [notice] 36#36: exiting
2026/01/09 15:16:01 [notice] 30#30: exiting
2026/01/09 15:16:01 [notice] 34#34: exiting
2026/01/09 15:16:01 [notice] 35#35: exit
2026/01/09 15:16:01 [notice] 36#36: exit
2026/01/09 15:16:01 [notice] 30#30: exit
2026/01/09 15:16:01 [notice] 34#34: exit
2026/01/09 15:16:01 [notice] 1#1: signal 17 (SIGCHLD) received from 31
2026/01/09 15:16:01 [notice] 1#1: worker process 31 exited with code 0
2026/01/09 15:16:01 [notice] 1#1: worker process 38 exited with code 0
2026/01/09 15:16:01 [notice] 1#1: worker process 33 exited with code 0
2026/01/09 15:16:01 [notice] 1#1: signal 29 (SIGIO) received
2026/01/09 15:16:01 [notice] 1#1: signal 17 (SIGCHLD) received from 33
2026/01/09 15:16:01 [notice] 1#1: signal 17 (SIGCHLD) received from 29
2026/01/09 15:16:01 [notice] 1#1: worker process 29 exited with code 0
2026/01/09 15:16:01 [notice] 1#1: worker process 32 exited with code 0
2026/01/09 15:16:01 [notice] 1#1: worker process 35 exited with code 0
2026/01/09 15:16:01 [notice] 1#1: worker process 36 exited with code 0
2026/01/09 15:16:01 [notice] 1#1: worker process 37 exited with code 0
2026/01/09 15:16:01 [notice] 1#1: signal 29 (SIGIO) received
2026/01/09 15:16:01 [notice] 1#1: signal 17 (SIGCHLD) received from 37
2026/01/09 15:16:01 [notice] 1#1: signal 17 (SIGCHLD) received from 30
2026/01/09 15:16:01 [notice] 1#1: worker process 30 exited with code 0
2026/01/09 15:16:01 [notice] 1#1: worker process 34 exited with code 0
2026/01/09 15:16:01 [notice] 1#1: exit
2026/01/10 01:52:31 [notice] 1#1: using the "epoll" event method
2026/01/10 01:52:31 [notice] 1#1: nginx/1.28.1
2026/01/10 01:52:31 [notice] 1#1: built by gcc 15.2.0 (Alpine 15.2.0) 
2026/01/10 01:52:31 [notice] 1#1: OS: Linux 6.12.54-linuxkit
2026/01/10 01:52:31 [notice] 1#1: getrlimit(RLIMIT_NOFILE): 1048576:1048576
2026/01/10 01:52:31 [notice] 1#1: start worker processes
2026/01/10 01:52:31 [notice] 1#1: start worker process 29
2026/01/10 01:52:31 [notice] 1#1: start worker process 30
2026/01/10 01:52:31 [notice] 1#1: start worker process 31
2026/01/10 01:52:31 [notice] 1#1: start worker process 32
2026/01/10 01:52:31 [notice] 1#1: start worker process 33
2026/01/10 01:52:31 [notice] 1#1: start worker process 34
2026/01/10 01:52:31 [notice] 1#1: start worker process 35
2026/01/10 01:52:31 [notice] 1#1: start worker process 36
2026/01/10 01:52:31 [notice] 1#1: start worker process 37
2026/01/10 01:52:31 [notice] 1#1: start worker process 38
2026/01/10 17:42:44 [notice] 1#1: signal 3 (SIGQUIT) received, shutting down
2026/01/10 17:42:44 [notice] 30#30: gracefully shutting down
2026/01/10 17:42:44 [notice] 29#29: gracefully shutting down
2026/01/10 17:42:44 [notice] 29#29: exiting
2026/01/10 17:42:44 [notice] 31#31: gracefully shutting down
2026/01/10 17:42:44 [notice] 29#29: exit
2026/01/10 17:42:44 [notice] 32#32: gracefully shutting down
2026/01/10 17:42:44 [notice] 32#32: exiting
2026/01/10 17:42:44 [notice] 30#30: exiting
2026/01/10 17:42:44 [notice] 30#30: exit
2026/01/10 17:42:44 [notice] 33#33: gracefully shutting down
2026/01/10 17:42:44 [notice] 34#34: gracefully shutting down
2026/01/10 17:42:44 [notice] 37#37: gracefully shutting down
2026/01/10 17:42:44 [notice] 37#37: exiting
2026/01/10 17:42:44 [notice] 35#35: gracefully shutting down
2026/01/10 17:42:44 [notice] 37#37: exit
2026/01/10 17:42:44 [notice] 36#36: gracefully shutting down
2026/01/10 17:42:44 [notice] 35#35: exiting
2026/01/10 17:42:44 [notice] 35#35: exit
2026/01/10 17:42:44 [notice] 38#38: gracefully shutting down
2026/01/10 17:42:44 [notice] 38#38: exiting
2026/01/10 17:42:44 [notice] 31#31: exiting
2026/01/10 17:42:44 [notice] 32#32: exit
2026/01/10 17:42:44 [notice] 33#33: exiting
2026/01/10 17:42:44 [notice] 34#34: exiting
2026/01/10 17:42:44 [notice] 38#38: exit
2026/01/10 17:42:44 [notice] 31#31: exit
2026/01/10 17:42:44 [notice] 36#36: exiting
2026/01/10 17:42:44 [notice] 33#33: exit
2026/01/10 17:42:44 [notice] 34#34: exit
2026/01/10 17:42:44 [notice] 36#36: exit
2026/01/10 17:42:44 [notice] 1#1: signal 17 (SIGCHLD) received from 29
2026/01/10 17:42:44 [notice] 1#1: worker process 29 exited with code 0
2026/01/10 17:42:44 [notice] 1#1: worker process 30 exited with code 0
2026/01/10 17:42:44 [notice] 1#1: worker process 37 exited with code 0
2026/01/10 17:42:44 [notice] 1#1: signal 29 (SIGIO) received
2026/01/10 17:42:44 [notice] 1#1: signal 17 (SIGCHLD) received from 35
2026/01/10 17:42:44 [notice] 1#1: worker process 32 exited with code 0
2026/01/10 17:42:44 [notice] 1#1: worker process 35 exited with code 0
2026/01/10 17:42:44 [notice] 1#1: signal 29 (SIGIO) received
2026/01/10 17:42:44 [notice] 1#1: signal 17 (SIGCHLD) received from 32
2026/01/10 17:42:44 [notice] 1#1: signal 17 (SIGCHLD) received from 38
2026/01/10 17:42:44 [notice] 1#1: worker process 33 exited with code 0
2026/01/10 17:42:44 [notice] 1#1: worker process 38 exited with code 0
2026/01/10 17:42:44 [notice] 1#1: signal 29 (SIGIO) received
2026/01/10 17:42:44 [notice] 1#1: signal 17 (SIGCHLD) received from 33
2026/01/10 17:42:44 [notice] 1#1: signal 17 (SIGCHLD) received from 31
2026/01/10 17:42:44 [notice] 1#1: worker process 31 exited with code 0
2026/01/10 17:42:44 [notice] 1#1: signal 29 (SIGIO) received
2026/01/10 17:42:44 [notice] 1#1: signal 17 (SIGCHLD) received from 36
2026/01/10 17:42:44 [notice] 1#1: worker process 34 exited with code 0
2026/01/10 17:42:44 [notice] 1#1: worker process 36 exited with code 0
2026/01/10 17:42:44 [notice] 1#1: exit
2026/01/11 00:28:42 [notice] 1#1: using the "epoll" event method
2026/01/11 00:28:42 [notice] 1#1: nginx/1.28.1
2026/01/11 00:28:42 [notice] 1#1: built by gcc 15.2.0 (Alpine 15.2.0) 
2026/01/11 00:28:42 [notice] 1#1: OS: Linux 6.12.54-linuxkit
2026/01/11 00:28:42 [notice] 1#1: getrlimit(RLIMIT_NOFILE): 1048576:1048576
2026/01/11 00:28:42 [notice] 1#1: start worker processes
2026/01/11 00:28:42 [notice] 1#1: start worker process 29
2026/01/11 00:28:42 [notice] 1#1: start worker process 30
2026/01/11 00:28:42 [notice] 1#1: start worker process 31
2026/01/11 00:28:42 [notice] 1#1: start worker process 32
2026/01/11 00:28:42 [notice] 1#1: start worker process 33
2026/01/11 00:28:42 [notice] 1#1: start worker process 34
2026/01/11 00:28:42 [notice] 1#1: start worker process 35
2026/01/11 00:28:42 [notice] 1#1: start worker process 36
2026/01/11 00:28:42 [notice] 1#1: start worker process 37
2026/01/11 00:28:42 [notice] 1#1: start worker process 38
2026/01/11 05:09:51 [notice] 1#1: signal 3 (SIGQUIT) received, shutting down
2026/01/11 05:09:51 [notice] 29#29: gracefully shutting down
2026/01/11 05:09:51 [notice] 29#29: exiting
2026/01/11 05:09:51 [notice] 30#30: gracefully shutting down
2026/01/11 05:09:51 [notice] 37#37: gracefully shutting down
2026/01/11 05:09:51 [notice] 37#37: exiting
2026/01/11 05:09:51 [notice] 31#31: gracefully shutting down
2026/01/11 05:09:51 [notice] 29#29: exit
2026/01/11 05:09:51 [notice] 32#32: gracefully shutting down
2026/01/11 05:09:51 [notice] 32#32: exiting
2026/01/11 05:09:51 [notice] 34#34: gracefully shutting down
2026/01/11 05:09:51 [notice] 33#33: gracefully shutting down
2026/01/11 05:09:51 [notice] 34#34: exiting
2026/01/11 05:09:51 [notice] 35#35: gracefully shutting down
2026/01/11 05:09:51 [notice] 36#36: gracefully shutting down
2026/01/11 05:09:51 [notice] 30#30: exiting
2026/01/11 05:09:51 [notice] 38#38: gracefully shutting down
2026/01/11 05:09:51 [notice] 38#38: exiting
2026/01/11 05:09:51 [notice] 31#31: exiting
2026/01/11 05:09:51 [notice] 38#38: exit
2026/01/11 05:09:51 [notice] 37#37: exit
2026/01/11 05:09:51 [notice] 32#32: exit
2026/01/11 05:09:51 [notice] 33#33: exiting
2026/01/11 05:09:51 [notice] 33#33: exit
2026/01/11 05:09:51 [notice] 34#34: exit
2026/01/11 05:09:51 [notice] 35#35: exiting
2026/01/11 05:09:51 [notice] 35#35: exit
2026/01/11 05:09:51 [notice] 36#36: exiting
2026/01/11 05:09:51 [notice] 36#36: exit
2026/01/11 05:09:51 [notice] 30#30: exit
2026/01/11 05:09:51 [notice] 31#31: exit
2026/01/11 05:09:51 [notice] 1#1: signal 17 (SIGCHLD) received from 29
2026/01/11 05:09:51 [notice] 1#1: worker process 29 exited with code 0
2026/01/11 05:09:51 [notice] 1#1: worker process 37 exited with code 0
2026/01/11 05:09:51 [notice] 1#1: signal 29 (SIGIO) received
2026/01/11 05:09:51 [notice] 1#1: signal 17 (SIGCHLD) received from 37
2026/01/11 05:09:51 [notice] 1#1: signal 17 (SIGCHLD) received from 38
2026/01/11 05:09:51 [notice] 1#1: worker process 32 exited with code 0
2026/01/11 05:09:51 [notice] 1#1: worker process 33 exited with code 0
2026/01/11 05:09:51 [notice] 1#1: worker process 38 exited with code 0
2026/01/11 05:09:51 [notice] 1#1: signal 29 (SIGIO) received
2026/01/11 05:09:51 [notice] 1#1: signal 17 (SIGCHLD) received from 36
2026/01/11 05:09:51 [notice] 1#1: worker process 36 exited with code 0
2026/01/11 05:09:51 [notice] 1#1: signal 29 (SIGIO) received
2026/01/11 05:09:51 [notice] 1#1: signal 17 (SIGCHLD) received from 34
2026/01/11 05:09:51 [notice] 1#1: worker process 34 exited with code 0
2026/01/11 05:09:51 [notice] 1#1: worker process 35 exited with code 0
2026/01/11 05:09:51 [notice] 1#1: worker process 30 exited with code 0
2026/01/11 05:09:51 [notice] 1#1: worker process 31 exited with code 0
2026/01/11 05:09:51 [notice] 1#1: exit
2026/01/11 09:44:31 [notice] 1#1: using the "epoll" event method
2026/01/11 09:44:31 [notice] 1#1: nginx/1.28.1
2026/01/11 09:44:31 [notice] 1#1: built by gcc 15.2.0 (Alpine 15.2.0) 
2026/01/11 09:44:31 [notice] 1#1: OS: Linux 6.12.54-linuxkit
2026/01/11 09:44:31 [notice] 1#1: getrlimit(RLIMIT_NOFILE): 1048576:1048576
2026/01/11 09:44:31 [notice] 1#1: start worker processes
2026/01/11 09:44:31 [notice] 1#1: start worker process 29
2026/01/11 09:44:31 [notice] 1#1: start worker process 30
2026/01/11 09:44:31 [notice] 1#1: start worker process 31
2026/01/11 09:44:31 [notice] 1#1: start worker process 32
2026/01/11 09:44:31 [notice] 1#1: start worker process 33
2026/01/11 09:44:31 [notice] 1#1: start worker process 34
2026/01/11 09:44:31 [notice] 1#1: start worker process 35
2026/01/11 09:44:31 [notice] 1#1: start worker process 36
2026/01/11 09:44:31 [notice] 1#1: start worker process 37
2026/01/11 09:44:31 [notice] 1#1: start worker process 38
2026/01/11 17:59:10 [notice] 1#1: signal 3 (SIGQUIT) received, shutting down
2026/01/11 17:59:10 [notice] 30#30: gracefully shutting down
2026/01/11 17:59:10 [notice] 33#33: gracefully shutting down
2026/01/11 17:59:10 [notice] 30#30: exiting
2026/01/11 17:59:10 [notice] 36#36: gracefully shutting down
2026/01/11 17:59:10 [notice] 29#29: gracefully shutting down
2026/01/11 17:59:10 [notice] 31#31: gracefully shutting down
2026/01/11 17:59:10 [notice] 33#33: exiting
2026/01/11 17:59:10 [notice] 35#35: gracefully shutting down
2026/01/11 17:59:10 [notice] 34#34: gracefully shutting down
2026/01/11 17:59:10 [notice] 35#35: exiting
2026/01/11 17:59:10 [notice] 34#34: exiting
2026/01/11 17:59:10 [notice] 32#32: gracefully shutting down
2026/01/11 17:59:10 [notice] 30#30: exit
2026/01/11 17:59:10 [notice] 37#37: gracefully shutting down
2026/01/11 17:59:10 [notice] 32#32: exiting
2026/01/11 17:59:10 [notice] 36#36: exiting
2026/01/11 17:59:10 [notice] 32#32: exit
2026/01/11 17:59:10 [notice] 38#38: gracefully shutting down
2026/01/11 17:59:10 [notice] 38#38: exiting
2026/01/11 17:59:10 [notice] 29#29: exiting
2026/01/11 17:59:10 [notice] 31#31: exiting
2026/01/11 17:59:10 [notice] 31#31: exit
2026/01/11 17:59:10 [notice] 35#35: exit
2026/01/11 17:59:10 [notice] 33#33: exit
2026/01/11 17:59:10 [notice] 34#34: exit
2026/01/11 17:59:10 [notice] 36#36: exit
2026/01/11 17:59:10 [notice] 37#37: exiting
2026/01/11 17:59:10 [notice] 38#38: exit
2026/01/11 17:59:10 [notice] 29#29: exit
2026/01/11 17:59:10 [notice] 37#37: exit
2026/01/11 17:59:10 [notice] 1#1: signal 17 (SIGCHLD) received from 32
2026/01/11 17:59:10 [notice] 1#1: worker process 32 exited with code 0
2026/01/11 17:59:10 [notice] 1#1: worker process 33 exited with code 0
2026/01/11 17:59:10 [notice] 1#1: worker process 29 exited with code 0
2026/01/11 17:59:10 [notice] 1#1: worker process 30 exited with code 0
2026/01/11 17:59:10 [notice] 1#1: worker process 31 exited with code 0
2026/01/11 17:59:10 [notice] 1#1: worker process 34 exited with code 0
2026/01/11 17:59:10 [notice] 1#1: worker process 35 exited with code 0
2026/01/11 17:59:10 [notice] 1#1: worker process 36 exited with code 0
2026/01/11 17:59:10 [notice] 1#1: worker process 37 exited with code 0
2026/01/11 17:59:10 [notice] 1#1: worker process 38 exited with code 0
2026/01/11 17:59:10 [notice] 1#1: exit
2026/01/12 00:51:10 [notice] 1#1: using the "epoll" event method
2026/01/12 00:51:10 [notice] 1#1: nginx/1.28.1
2026/01/12 00:51:10 [notice] 1#1: built by gcc 15.2.0 (Alpine 15.2.0) 
2026/01/12 00:51:10 [notice] 1#1: OS: Linux 6.12.54-linuxkit
2026/01/12 00:51:10 [notice] 1#1: getrlimit(RLIMIT_NOFILE): 1048576:1048576
2026/01/12 00:51:10 [notice] 1#1: start worker processes
2026/01/12 00:51:10 [notice] 1#1: start worker process 29
2026/01/12 00:51:10 [notice] 1#1: start worker process 30
2026/01/12 00:51:10 [notice] 1#1: start worker process 31
2026/01/12 00:51:10 [notice] 1#1: start worker process 32
2026/01/12 00:51:10 [notice] 1#1: start worker process 33
2026/01/12 00:51:10 [notice] 1#1: start worker process 34
2026/01/12 00:51:10 [notice] 1#1: start worker process 35
2026/01/12 00:51:10 [notice] 1#1: start worker process 36
2026/01/12 00:51:10 [notice] 1#1: start worker process 37
2026/01/12 00:51:10 [notice] 1#1: start worker process 38
2026/01/12 15:23:12 [notice] 1#1: signal 3 (SIGQUIT) received, shutting down
2026/01/12 15:23:12 [notice] 33#33: gracefully shutting down
2026/01/12 15:23:12 [notice] 29#29: gracefully shutting down
2026/01/12 15:23:12 [notice] 32#32: gracefully shutting down
2026/01/12 15:23:12 [notice] 34#34: gracefully shutting down
2026/01/12 15:23:12 [notice] 30#30: gracefully shutting down
2026/01/12 15:23:12 [notice] 30#30: exiting
2026/01/12 15:23:12 [notice] 30#30: exit
2026/01/12 15:23:12 [notice] 31#31: gracefully shutting down
2026/01/12 15:23:12 [notice] 31#31: exiting
2026/01/12 15:23:12 [notice] 35#35: gracefully shutting down
2026/01/12 15:23:12 [notice] 31#31: exit
2026/01/12 15:23:12 [notice] 33#33: exiting
2026/01/12 15:23:12 [notice] 33#33: exit
2026/01/12 15:23:12 [notice] 36#36: gracefully shutting down
2026/01/12 15:23:12 [notice] 36#36: exiting
2026/01/12 15:23:12 [notice] 36#36: exit
2026/01/12 15:23:12 [notice] 29#29: exiting
2026/01/12 15:23:12 [notice] 38#38: gracefully shutting down
2026/01/12 15:23:12 [notice] 37#37: gracefully shutting down
2026/01/12 15:23:12 [notice] 37#37: exiting
2026/01/12 15:23:12 [notice] 32#32: exiting
2026/01/12 15:23:12 [notice] 37#37: exit
2026/01/12 15:23:12 [notice] 35#35: exiting
2026/01/12 15:23:12 [notice] 35#35: exit
2026/01/12 15:23:12 [notice] 29#29: exit
2026/01/12 15:23:12 [notice] 38#38: exiting
2026/01/12 15:23:12 [notice] 38#38: exit
2026/01/12 15:23:12 [notice] 32#32: exit
2026/01/12 15:23:12 [notice] 1#1: signal 17 (SIGCHLD) received from 30
2026/01/12 15:23:12 [notice] 1#1: worker process 30 exited with code 0
2026/01/12 15:23:12 [notice] 1#1: signal 29 (SIGIO) received
2026/01/12 15:23:12 [notice] 1#1: signal 17 (SIGCHLD) received from 31
2026/01/12 15:23:12 [notice] 1#1: worker process 31 exited with code 0
2026/01/12 15:23:12 [notice] 1#1: worker process 33 exited with code 0
2026/01/12 15:23:12 [notice] 1#1: worker process 36 exited with code 0
2026/01/12 15:23:12 [notice] 1#1: worker process 37 exited with code 0
2026/01/12 15:23:12 [notice] 1#1: signal 29 (SIGIO) received
2026/01/12 15:23:12 [notice] 1#1: signal 17 (SIGCHLD) received from 36
2026/01/12 15:23:12 [notice] 1#1: signal 17 (SIGCHLD) received from 29
2026/01/12 15:23:12 [notice] 1#1: worker process 29 exited with code 0
2026/01/12 15:23:12 [notice] 1#1: worker process 35 exited with code 0
2026/01/12 15:23:12 [notice] 1#1: signal 29 (SIGIO) received
2026/01/12 15:23:12 [notice] 1#1: signal 17 (SIGCHLD) received from 32
2026/01/12 15:23:12 [notice] 1#1: worker process 32 exited with code 0
2026/01/12 15:23:12 [notice] 1#1: signal 29 (SIGIO) received
2026/01/12 15:23:12 [notice] 1#1: signal 17 (SIGCHLD) received from 38
2026/01/12 15:23:12 [notice] 1#1: worker process 38 exited with code 0
2026/01/12 15:23:12 [notice] 1#1: signal 29 (SIGIO) received
2026/01/12 15:23:12 [notice] 34#34: exiting
2026/01/12 15:23:12 [notice] 34#34: exit
2026/01/12 15:23:12 [notice] 1#1: signal 17 (SIGCHLD) received from 34
2026/01/12 15:23:12 [notice] 1#1: worker process 34 exited with code 0
2026/01/12 15:23:12 [notice] 1#1: exit
2026/01/13 13:08:42 [notice] 1#1: using the "epoll" event method
2026/01/13 13:08:42 [notice] 1#1: nginx/1.28.1
2026/01/13 13:08:42 [notice] 1#1: built by gcc 15.2.0 (Alpine 15.2.0) 
2026/01/13 13:08:42 [notice] 1#1: OS: Linux 6.12.54-linuxkit
2026/01/13 13:08:42 [notice] 1#1: getrlimit(RLIMIT_NOFILE): 1048576:1048576
2026/01/13 13:08:42 [notice] 1#1: start worker processes
2026/01/13 13:08:42 [notice] 1#1: start worker process 29
2026/01/13 13:08:42 [notice] 1#1: start worker process 30
2026/01/13 13:08:42 [notice] 1#1: start worker process 31
2026/01/13 13:08:42 [notice] 1#1: start worker process 32
2026/01/13 13:08:42 [notice] 1#1: start worker process 33
2026/01/13 13:08:42 [notice] 1#1: start worker process 34
2026/01/13 13:08:42 [notice] 1#1: start worker process 35
2026/01/13 13:08:42 [notice] 1#1: start worker process 36
2026/01/13 13:08:42 [notice] 1#1: start worker process 37
2026/01/13 13:08:42 [notice] 1#1: start worker process 38
2026/01/13 14:59:42 [notice] 1#1: signal 3 (SIGQUIT) received, shutting down
2026/01/13 14:59:42 [notice] 29#29: gracefully shutting down
2026/01/13 14:59:42 [notice] 29#29: exiting
2026/01/13 14:59:42 [notice] 30#30: gracefully shutting down
2026/01/13 14:59:42 [notice] 31#31: gracefully shutting down
2026/01/13 14:59:42 [notice] 32#32: gracefully shutting down
2026/01/13 14:59:42 [notice] 33#33: gracefully shutting down
2026/01/13 14:59:42 [notice] 33#33: exiting
2026/01/13 14:59:42 [notice] 35#35: gracefully shutting down
2026/01/13 14:59:42 [notice] 35#35: exiting
2026/01/13 14:59:42 [notice] 37#37: gracefully shutting down
2026/01/13 14:59:42 [notice] 34#34: gracefully shutting down
2026/01/13 14:59:42 [notice] 34#34: exiting
2026/01/13 14:59:42 [notice] 36#36: gracefully shutting down
2026/01/13 14:59:42 [notice] 36#36: exiting
2026/01/13 14:59:42 [notice] 38#38: gracefully shutting down
2026/01/13 14:59:42 [notice] 29#29: exit
2026/01/13 14:59:42 [notice] 38#38: exiting
2026/01/13 14:59:42 [notice] 30#30: exiting
2026/01/13 14:59:42 [notice] 31#31: exiting
2026/01/13 14:59:42 [notice] 32#32: exiting
2026/01/13 14:59:42 [notice] 32#32: exit
2026/01/13 14:59:42 [notice] 33#33: exit
2026/01/13 14:59:42 [notice] 35#35: exit
2026/01/13 14:59:42 [notice] 37#37: exiting
2026/01/13 14:59:42 [notice] 37#37: exit
2026/01/13 14:59:42 [notice] 34#34: exit
2026/01/13 14:59:42 [notice] 36#36: exit
2026/01/13 14:59:42 [notice] 38#38: exit
2026/01/13 14:59:42 [notice] 30#30: exit
2026/01/13 14:59:42 [notice] 31#31: exit
2026/01/13 14:59:42 [notice] 1#1: signal 17 (SIGCHLD) received from 29
2026/01/13 14:59:42 [notice] 1#1: worker process 29 exited with code 0
2026/01/13 14:59:42 [notice] 1#1: signal 29 (SIGIO) received
2026/01/13 14:59:42 [notice] 1#1: signal 17 (SIGCHLD) received from 32
2026/01/13 14:59:42 [notice] 1#1: worker process 32 exited with code 0
2026/01/13 14:59:42 [notice] 1#1: signal 29 (SIGIO) received
2026/01/13 14:59:42 [notice] 1#1: signal 17 (SIGCHLD) received from 37
2026/01/13 14:59:42 [notice] 1#1: worker process 35 exited with code 0
2026/01/13 14:59:42 [notice] 1#1: worker process 37 exited with code 0
2026/01/13 14:59:42 [notice] 1#1: signal 29 (SIGIO) received
2026/01/13 14:59:42 [notice] 1#1: signal 17 (SIGCHLD) received from 35
2026/01/13 14:59:42 [notice] 1#1: signal 17 (SIGCHLD) received from 31
2026/01/13 14:59:42 [notice] 1#1: worker process 31 exited with code 0
2026/01/13 14:59:42 [notice] 1#1: worker process 34 exited with code 0
2026/01/13 14:59:42 [notice] 1#1: worker process 33 exited with code 0
2026/01/13 14:59:42 [notice] 1#1: worker process 36 exited with code 0
2026/01/13 14:59:42 [notice] 1#1: worker process 38 exited with code 0
2026/01/13 14:59:42 [notice] 1#1: signal 29 (SIGIO) received
2026/01/13 14:59:42 [notice] 1#1: signal 17 (SIGCHLD) received from 38
2026/01/13 14:59:42 [notice] 1#1: signal 17 (SIGCHLD) received from 30
2026/01/13 14:59:42 [notice] 1#1: worker process 30 exited with code 0
2026/01/13 14:59:42 [notice] 1#1: exit
2026/01/14 13:04:32 [notice] 1#1: using the "epoll" event method
2026/01/14 13:04:32 [notice] 1#1: nginx/1.28.1
2026/01/14 13:04:32 [notice] 1#1: built by gcc 15.2.0 (Alpine 15.2.0) 
2026/01/14 13:04:32 [notice] 1#1: OS: Linux 6.12.54-linuxkit
2026/01/14 13:04:32 [notice] 1#1: getrlimit(RLIMIT_NOFILE): 1048576:1048576
2026/01/14 13:04:32 [notice] 1#1: start worker processes
2026/01/14 13:04:32 [notice] 1#1: start worker process 29
2026/01/14 13:04:32 [notice] 1#1: start worker process 30
2026/01/14 13:04:32 [notice] 1#1: start worker process 31
2026/01/14 13:04:32 [notice] 1#1: start worker process 32
2026/01/14 13:04:32 [notice] 1#1: start worker process 33
2026/01/14 13:04:32 [notice] 1#1: start worker process 34
2026/01/14 13:04:32 [notice] 1#1: start worker process 35
2026/01/14 13:04:32 [notice] 1#1: start worker process 36
2026/01/14 13:04:32 [notice] 1#1: start worker process 37
2026/01/14 13:04:32 [notice] 1#1: start worker process 38
2026/01/14 14:30:12 [notice] 1#1: signal 3 (SIGQUIT) received, shutting down
2026/01/14 14:30:12 [notice] 29#29: gracefully shutting down
2026/01/14 14:30:12 [notice] 30#30: gracefully shutting down
2026/01/14 14:30:12 [notice] 31#31: gracefully shutting down
2026/01/14 14:30:12 [notice] 32#32: gracefully shutting down
2026/01/14 14:30:12 [notice] 32#32: exiting
2026/01/14 14:30:12 [notice] 33#33: gracefully shutting down
2026/01/14 14:30:12 [notice] 34#34: gracefully shutting down
2026/01/14 14:30:12 [notice] 35#35: gracefully shutting down
2026/01/14 14:30:12 [notice] 36#36: gracefully shutting down
2026/01/14 14:30:12 [notice] 37#37: gracefully shutting down
2026/01/14 14:30:12 [notice] 38#38: gracefully shutting down
2026/01/14 14:30:12 [notice] 29#29: exiting
2026/01/14 14:30:12 [notice] 29#29: exit
2026/01/14 14:30:12 [notice] 30#30: exiting
2026/01/14 14:30:12 [notice] 31#31: exiting
2026/01/14 14:30:12 [notice] 32#32: exit
2026/01/14 14:30:12 [notice] 33#33: exiting
2026/01/14 14:30:12 [notice] 33#33: exit
2026/01/14 14:30:12 [notice] 34#34: exiting
2026/01/14 14:30:12 [notice] 34#34: exit
2026/01/14 14:30:12 [notice] 35#35: exiting
2026/01/14 14:30:12 [notice] 36#36: exiting
2026/01/14 14:30:12 [notice] 37#37: exiting
2026/01/14 14:30:12 [notice] 38#38: exiting
2026/01/14 14:30:12 [notice] 30#30: exit
2026/01/14 14:30:12 [notice] 31#31: exit
2026/01/14 14:30:12 [notice] 35#35: exit
2026/01/14 14:30:12 [notice] 36#36: exit
2026/01/14 14:30:12 [notice] 37#37: exit
2026/01/14 14:30:12 [notice] 38#38: exit
2026/01/14 14:30:12 [notice] 1#1: signal 17 (SIGCHLD) received from 32
2026/01/14 14:30:12 [notice] 1#1: worker process 32 exited with code 0
2026/01/14 14:30:12 [notice] 1#1: signal 29 (SIGIO) received
2026/01/14 14:30:12 [notice] 1#1: signal 17 (SIGCHLD) received from 33
2026/01/14 14:30:12 [notice] 1#1: worker process 29 exited with code 0
2026/01/14 14:30:12 [notice] 1#1: worker process 33 exited with code 0
2026/01/14 14:30:12 [notice] 1#1: worker process 34 exited with code 0
2026/01/14 14:30:12 [notice] 1#1: signal 29 (SIGIO) received
2026/01/14 14:30:12 [notice] 1#1: signal 17 (SIGCHLD) received from 34
2026/01/14 14:30:12 [notice] 1#1: signal 17 (SIGCHLD) received from 38
2026/01/14 14:30:12 [notice] 1#1: worker process 30 exited with code 0
2026/01/14 14:30:12 [notice] 1#1: worker process 38 exited with code 0
2026/01/14 14:30:12 [notice] 1#1: signal 29 (SIGIO) received
2026/01/14 14:30:12 [notice] 1#1: signal 17 (SIGCHLD) received from 31
2026/01/14 14:30:12 [notice] 1#1: worker process 31 exited with code 0
2026/01/14 14:30:12 [notice] 1#1: worker process 35 exited with code 0
2026/01/14 14:30:12 [notice] 1#1: worker process 36 exited with code 0
2026/01/14 14:30:12 [notice] 1#1: worker process 37 exited with code 0
2026/01/14 14:30:12 [notice] 1#1: exit
2026/01/15 12:40:57 [notice] 1#1: using the "epoll" event method
2026/01/15 12:40:57 [notice] 1#1: nginx/1.28.1
2026/01/15 12:40:57 [notice] 1#1: built by gcc 15.2.0 (Alpine 15.2.0) 
2026/01/15 12:40:57 [notice] 1#1: OS: Linux 6.12.54-linuxkit
2026/01/15 12:40:57 [notice] 1#1: getrlimit(RLIMIT_NOFILE): 1048576:1048576
2026/01/15 12:40:57 [notice] 1#1: start worker processes
2026/01/15 12:40:57 [notice] 1#1: start worker process 29
2026/01/15 12:40:57 [notice] 1#1: start worker process 30
2026/01/15 12:40:57 [notice] 1#1: start worker process 31
2026/01/15 12:40:57 [notice] 1#1: start worker process 32
2026/01/15 12:40:57 [notice] 1#1: start worker process 33
2026/01/15 12:40:57 [notice] 1#1: start worker process 34
2026/01/15 12:40:57 [notice] 1#1: start worker process 35
2026/01/15 12:40:57 [notice] 1#1: start worker process 36
2026/01/15 12:40:57 [notice] 1#1: start worker process 37
2026/01/15 12:40:57 [notice] 1#1: start worker process 38
