[01-Jan-2026 23:50:44 Asia/Tokyo] PHP Deprecated:  PHP Startup: Use of mbstring.http_input is deprecated in Unknown on line 0
[01-Jan-2026 23:50:44 Asia/Tokyo] PHP Deprecated:  PHP Startup: Use of mbstring.http_output is deprecated in Unknown on line 0
[01-Jan-2026 23:50:44 Asia/Tokyo] PHP Deprecated:  PHP Startup: Use of mbstring.internal_encoding is deprecated in Unknown on line 0
[01-Jan-2026 23:50:44 Asia/Tokyo] PHP Deprecated:  PHP Startup: Use of mbstring.http_input is deprecated in Unknown on line 0
[01-Jan-2026 23:50:44 Asia/Tokyo] PHP Deprecated:  PHP Startup: Use of mbstring.http_output is deprecated in Unknown on line 0
[01-Jan-2026 23:50:44 Asia/Tokyo] PHP Deprecated:  PHP Startup: Use of mbstring.internal_encoding is deprecated in Unknown on line 0
[01-Jan-2026 23:50:44 Asia/Tokyo] PHP Deprecated:  PHP Startup: Use of mbstring.http_input is deprecated in Unknown on line 0
[01-Jan-2026 23:50:44 Asia/Tokyo] PHP Deprecated:  PHP Startup: Use of mbstring.http_output is deprecated in Unknown on line 0
[01-Jan-2026 23:50:44 Asia/Tokyo] PHP Deprecated:  PHP Startup: Use of mbstring.internal_encoding is deprecated in Unknown on line 0
[01-Jan-2026 23:50:44 Asia/Tokyo] PHP Deprecated:  PHP Startup: Use of mbstring.http_input is deprecated in Unknown on line 0
[01-Jan-2026 23:50:44 Asia/Tokyo] PHP Deprecated:  PHP Startup: Use of mbstring.http_output is deprecated in Unknown on line 0
[01-Jan-2026 23:50:44 Asia/Tokyo] PHP Deprecated:  PHP Startup: Use of mbstring.internal_encoding is deprecated in Unknown on line 0
[01-Jan-2026 23:50:44 Asia/Tokyo] PHP Deprecated:  PHP Startup: Use of mbstring.http_input is deprecated in Unknown on line 0
[01-Jan-2026 23:50:44 Asia/Tokyo] PHP Deprecated:  PHP Startup: Use of mbstring.http_output is deprecated in Unknown on line 0
[01-Jan-2026 23:50:44 Asia/Tokyo] PHP Deprecated:  PHP Startup: Use of mbstring.internal_encoding is deprecated in Unknown on line 0
[02-Jan-2026 00:07:19 Asia/Tokyo] PHP Deprecated:  PHP Startup: Use of mbstring.http_input is deprecated in Unknown on line 0
[02-Jan-2026 00:07:19 Asia/Tokyo] PHP Deprecated:  PHP Startup: Use of mbstring.http_output is deprecated in Unknown on line 0
[02-Jan-2026 00:07:19 Asia/Tokyo] PHP Deprecated:  PHP Startup: Use of mbstring.internal_encoding is deprecated in Unknown on line 0
[02-Jan-2026 00:07:20 Asia/Tokyo] PHP Deprecated:  PHP Startup: Use of mbstring.http_input is deprecated in Unknown on line 0
[02-Jan-2026 00:07:20 Asia/Tokyo] PHP Deprecated:  PHP Startup: Use of mbstring.http_output is deprecated in Unknown on line 0
[02-Jan-2026 00:07:20 Asia/Tokyo] PHP Deprecated:  PHP Startup: Use of mbstring.internal_encoding is deprecated in Unknown on line 0
[02-Jan-2026 00:07:20 Asia/Tokyo] PHP Deprecated:  PHP Startup: Use of mbstring.http_input is deprecated in Unknown on line 0
[02-Jan-2026 00:07:20 Asia/Tokyo] PHP Deprecated:  PHP Startup: Use of mbstring.http_output is deprecated in Unknown on line 0
[02-Jan-2026 00:07:20 Asia/Tokyo] PHP Deprecated:  PHP Startup: Use of mbstring.internal_encoding is deprecated in Unknown on line 0
[02-Jan-2026 00:07:20 Asia/Tokyo] PHP Deprecated:  PHP Startup: Use of mbstring.http_input is deprecated in Unknown on line 0
[02-Jan-2026 00:07:20 Asia/Tokyo] PHP Deprecated:  PHP Startup: Use of mbstring.http_output is deprecated in Unknown on line 0
[02-Jan-2026 00:07:20 Asia/Tokyo] PHP Deprecated:  PHP Startup: Use of mbstring.internal_encoding is deprecated in Unknown on line 0
[02-Jan-2026 00:07:20 Asia/Tokyo] PHP Deprecated:  PHP Startup: Use of mbstring.http_input is deprecated in Unknown on line 0
[02-Jan-2026 00:07:20 Asia/Tokyo] PHP Deprecated:  PHP Startup: Use of mbstring.http_output is deprecated in Unknown on line 0
[02-Jan-2026 00:07:20 Asia/Tokyo] PHP Deprecated:  PHP Startup: Use of mbstring.internal_encoding is deprecated in Unknown on line 0
[02-Jan-2026 00:11:40 Asia/Tokyo] PHP Deprecated:  PHP Startup: Use of mbstring.http_input is deprecated in Unknown on line 0
[02-Jan-2026 00:11:40 Asia/Tokyo] PHP Deprecated:  PHP Startup: Use of mbstring.http_output is deprecated in Unknown on line 0
[02-Jan-2026 00:11:40 Asia/Tokyo] PHP Deprecated:  PHP Startup: Use of mbstring.internal_encoding is deprecated in Unknown on line 0
[02-Jan-2026 00:11:40 Asia/Tokyo] PHP Deprecated:  PHP Startup: Use of mbstring.http_input is deprecated in Unknown on line 0
[02-Jan-2026 00:11:40 Asia/Tokyo] PHP Deprecated:  PHP Startup: Use of mbstring.http_output is deprecated in Unknown on line 0
[02-Jan-2026 00:11:40 Asia/Tokyo] PHP Deprecated:  PHP Startup: Use of mbstring.internal_encoding is deprecated in Unknown on line 0
[02-Jan-2026 16:24:32 Asia/Tokyo] PHP Deprecated:  PHP Startup: Use of mbstring.http_input is deprecated in Unknown on line 0
[02-Jan-2026 16:24:32 Asia/Tokyo] PHP Deprecated:  PHP Startup: Use of mbstring.http_output is deprecated in Unknown on line 0
[02-Jan-2026 16:24:32 Asia/Tokyo] PHP Deprecated:  PHP Startup: Use of mbstring.internal_encoding is deprecated in Unknown on line 0
[02-Jan-2026 16:26:28 Asia/Tokyo] PHP Deprecated:  PHP Startup: Use of mbstring.http_input is deprecated in Unknown on line 0
[02-Jan-2026 16:26:28 Asia/Tokyo] PHP Deprecated:  PHP Startup: Use of mbstring.http_output is deprecated in Unknown on line 0
[02-Jan-2026 16:26:28 Asia/Tokyo] PHP Deprecated:  PHP Startup: Use of mbstring.internal_encoding is deprecated in Unknown on line 0
[02-Jan-2026 16:26:31 Asia/Tokyo] PHP Deprecated:  PHP Startup: Use of mbstring.http_input is deprecated in Unknown on line 0
[02-Jan-2026 16:26:31 Asia/Tokyo] PHP Deprecated:  PHP Startup: Use of mbstring.http_output is deprecated in Unknown on line 0
[02-Jan-2026 16:26:31 Asia/Tokyo] PHP Deprecated:  PHP Startup: Use of mbstring.internal_encoding is deprecated in Unknown on line 0
[02-Jan-2026 16:26:31 Asia/Tokyo] PHP Deprecated:  PHP Startup: Use of mbstring.http_input is deprecated in Unknown on line 0
[02-Jan-2026 16:26:31 Asia/Tokyo] PHP Deprecated:  PHP Startup: Use of mbstring.http_output is deprecated in Unknown on line 0
[02-Jan-2026 16:26:31 Asia/Tokyo] PHP Deprecated:  PHP Startup: Use of mbstring.internal_encoding is deprecated in Unknown on line 0
[02-Jan-2026 16:26:31 Asia/Tokyo] PHP Deprecated:  PHP Startup: Use of mbstring.http_input is deprecated in Unknown on line 0
[02-Jan-2026 16:26:31 Asia/Tokyo] PHP Deprecated:  PHP Startup: Use of mbstring.http_output is deprecated in Unknown on line 0
[02-Jan-2026 16:26:31 Asia/Tokyo] PHP Deprecated:  PHP Startup: Use of mbstring.internal_encoding is deprecated in Unknown on line 0
[02-Jan-2026 16:26:31 Asia/Tokyo] PHP Deprecated:  PHP Startup: Use of mbstring.http_input is deprecated in Unknown on line 0
[02-Jan-2026 16:26:31 Asia/Tokyo] PHP Deprecated:  PHP Startup: Use of mbstring.http_output is deprecated in Unknown on line 0
[02-Jan-2026 16:26:31 Asia/Tokyo] PHP Deprecated:  PHP Startup: Use of mbstring.internal_encoding is deprecated in Unknown on line 0
[02-Jan-2026 16:27:35 Asia/Tokyo] PHP Deprecated:  PHP Startup: Use of mbstring.http_input is deprecated in Unknown on line 0
[02-Jan-2026 16:27:35 Asia/Tokyo] PHP Deprecated:  PHP Startup: Use of mbstring.http_output is deprecated in Unknown on line 0
[02-Jan-2026 16:27:35 Asia/Tokyo] PHP Deprecated:  PHP Startup: Use of mbstring.internal_encoding is deprecated in Unknown on line 0
[02-Jan-2026 16:36:25 Asia/Tokyo] PHP Deprecated:  PHP Startup: Use of mbstring.http_input is deprecated in Unknown on line 0
[02-Jan-2026 16:36:25 Asia/Tokyo] PHP Deprecated:  PHP Startup: Use of mbstring.http_output is deprecated in Unknown on line 0
[02-Jan-2026 16:36:25 Asia/Tokyo] PHP Deprecated:  PHP Startup: Use of mbstring.internal_encoding is deprecated in Unknown on line 0
[02-Jan-2026 16:37:14 Asia/Tokyo] PHP Deprecated:  PHP Startup: Use of mbstring.http_input is deprecated in Unknown on line 0
[02-Jan-2026 16:37:14 Asia/Tokyo] PHP Deprecated:  PHP Startup: Use of mbstring.http_output is deprecated in Unknown on line 0
[02-Jan-2026 16:37:14 Asia/Tokyo] PHP Deprecated:  PHP Startup: Use of mbstring.internal_encoding is deprecated in Unknown on line 0
[02-Jan-2026 16:37:14 Asia/Tokyo] PHP Deprecated:  PHP Startup: Use of mbstring.http_input is deprecated in Unknown on line 0
[02-Jan-2026 16:37:14 Asia/Tokyo] PHP Deprecated:  PHP Startup: Use of mbstring.http_output is deprecated in Unknown on line 0
[02-Jan-2026 16:37:14 Asia/Tokyo] PHP Deprecated:  PHP Startup: Use of mbstring.internal_encoding is deprecated in Unknown on line 0
[02-Jan-2026 16:37:14 Asia/Tokyo] PHP Deprecated:  PHP Startup: Use of mbstring.http_input is deprecated in Unknown on line 0
[02-Jan-2026 16:37:14 Asia/Tokyo] PHP Deprecated:  PHP Startup: Use of mbstring.http_output is deprecated in Unknown on line 0
[02-Jan-2026 16:37:14 Asia/Tokyo] PHP Deprecated:  PHP Startup: Use of mbstring.internal_encoding is deprecated in Unknown on line 0
[02-Jan-2026 16:37:14 Asia/Tokyo] PHP Deprecated:  PHP Startup: Use of mbstring.http_input is deprecated in Unknown on line 0
[02-Jan-2026 16:37:14 Asia/Tokyo] PHP Deprecated:  PHP Startup: Use of mbstring.http_output is deprecated in Unknown on line 0
[02-Jan-2026 16:37:14 Asia/Tokyo] PHP Deprecated:  PHP Startup: Use of mbstring.internal_encoding is deprecated in Unknown on line 0
[02-Jan-2026 16:37:15 Asia/Tokyo] PHP Deprecated:  PHP Startup: Use of mbstring.http_input is deprecated in Unknown on line 0
[02-Jan-2026 16:37:15 Asia/Tokyo] PHP Deprecated:  PHP Startup: Use of mbstring.http_output is deprecated in Unknown on line 0
[02-Jan-2026 16:37:15 Asia/Tokyo] PHP Deprecated:  PHP Startup: Use of mbstring.internal_encoding is deprecated in Unknown on line 0
[02-Jan-2026 16:43:21 Asia/Tokyo] PHP Deprecated:  PHP Startup: Use of mbstring.http_input is deprecated in Unknown on line 0
[02-Jan-2026 16:43:21 Asia/Tokyo] PHP Deprecated:  PHP Startup: Use of mbstring.http_output is deprecated in Unknown on line 0
[02-Jan-2026 16:43:21 Asia/Tokyo] PHP Deprecated:  PHP Startup: Use of mbstring.internal_encoding is deprecated in Unknown on line 0
[02-Jan-2026 16:50:34 Asia/Tokyo] PHP Deprecated:  PHP Startup: Use of mbstring.http_input is deprecated in Unknown on line 0
[02-Jan-2026 16:50:34 Asia/Tokyo] PHP Deprecated:  PHP Startup: Use of mbstring.http_output is deprecated in Unknown on line 0
[02-Jan-2026 16:50:34 Asia/Tokyo] PHP Deprecated:  PHP Startup: Use of mbstring.internal_encoding is deprecated in Unknown on line 0
[02-Jan-2026 16:58:12 Asia/Tokyo] PHP Deprecated:  PHP Startup: Use of mbstring.http_input is deprecated in Unknown on line 0
[02-Jan-2026 16:58:12 Asia/Tokyo] PHP Deprecated:  PHP Startup: Use of mbstring.http_output is deprecated in Unknown on line 0
[02-Jan-2026 16:58:12 Asia/Tokyo] PHP Deprecated:  PHP Startup: Use of mbstring.internal_encoding is deprecated in Unknown on line 0
[02-Jan-2026 16:58:12 Asia/Tokyo] PHP Deprecated:  PHP Startup: Use of mbstring.http_input is deprecated in Unknown on line 0
[02-Jan-2026 16:58:12 Asia/Tokyo] PHP Deprecated:  PHP Startup: Use of mbstring.http_output is deprecated in Unknown on line 0
[02-Jan-2026 16:58:12 Asia/Tokyo] PHP Deprecated:  PHP Startup: Use of mbstring.internal_encoding is deprecated in Unknown on line 0
[02-Jan-2026 16:58:12 Asia/Tokyo] PHP Deprecated:  PHP Startup: Use of mbstring.http_input is deprecated in Unknown on line 0
[02-Jan-2026 16:58:12 Asia/Tokyo] PHP Deprecated:  PHP Startup: Use of mbstring.http_output is deprecated in Unknown on line 0
[02-Jan-2026 16:58:12 Asia/Tokyo] PHP Deprecated:  PHP Startup: Use of mbstring.internal_encoding is deprecated in Unknown on line 0
[02-Jan-2026 17:03:45 Asia/Tokyo] PHP Deprecated:  PHP Startup: Use of mbstring.http_input is deprecated in Unknown on line 0
[02-Jan-2026 17:03:45 Asia/Tokyo] PHP Deprecated:  PHP Startup: Use of mbstring.http_output is deprecated in Unknown on line 0
[02-Jan-2026 17:03:45 Asia/Tokyo] PHP Deprecated:  PHP Startup: Use of mbstring.internal_encoding is deprecated in Unknown on line 0
[02-Jan-2026 17:04:05 Asia/Tokyo] PHP Deprecated:  PHP Startup: Use of mbstring.http_input is deprecated in Unknown on line 0
[02-Jan-2026 17:04:05 Asia/Tokyo] PHP Deprecated:  PHP Startup: Use of mbstring.http_output is deprecated in Unknown on line 0
[02-Jan-2026 17:04:05 Asia/Tokyo] PHP Deprecated:  PHP Startup: Use of mbstring.internal_encoding is deprecated in Unknown on line 0
[02-Jan-2026 17:05:53 Asia/Tokyo] PHP Deprecated:  PHP Startup: Use of mbstring.http_input is deprecated in Unknown on line 0
[02-Jan-2026 17:05:53 Asia/Tokyo] PHP Deprecated:  PHP Startup: Use of mbstring.http_output is deprecated in Unknown on line 0
[02-Jan-2026 17:05:53 Asia/Tokyo] PHP Deprecated:  PHP Startup: Use of mbstring.internal_encoding is deprecated in Unknown on line 0
[02-Jan-2026 17:32:36 Asia/Tokyo] PHP Deprecated:  PHP Startup: Use of mbstring.http_input is deprecated in Unknown on line 0
[02-Jan-2026 17:32:36 Asia/Tokyo] PHP Deprecated:  PHP Startup: Use of mbstring.http_output is deprecated in Unknown on line 0
[02-Jan-2026 17:32:36 Asia/Tokyo] PHP Deprecated:  PHP Startup: Use of mbstring.internal_encoding is deprecated in Unknown on line 0
[02-Jan-2026 17:36:24 Asia/Tokyo] PHP Deprecated:  PHP Startup: Use of mbstring.http_input is deprecated in Unknown on line 0
[02-Jan-2026 17:36:24 Asia/Tokyo] PHP Deprecated:  PHP Startup: Use of mbstring.http_output is deprecated in Unknown on line 0
[02-Jan-2026 17:36:24 Asia/Tokyo] PHP Deprecated:  PHP Startup: Use of mbstring.internal_encoding is deprecated in Unknown on line 0
[02-Jan-2026 17:36:37 Asia/Tokyo] PHP Deprecated:  PHP Startup: Use of mbstring.http_input is deprecated in Unknown on line 0
[02-Jan-2026 17:36:37 Asia/Tokyo] PHP Deprecated:  PHP Startup: Use of mbstring.http_output is deprecated in Unknown on line 0
[02-Jan-2026 17:36:37 Asia/Tokyo] PHP Deprecated:  PHP Startup: Use of mbstring.internal_encoding is deprecated in Unknown on line 0
[02-Jan-2026 17:36:40 Asia/Tokyo] PHP Deprecated:  PHP Startup: Use of mbstring.http_input is deprecated in Unknown on line 0
[02-Jan-2026 17:36:40 Asia/Tokyo] PHP Deprecated:  PHP Startup: Use of mbstring.http_output is deprecated in Unknown on line 0
[02-Jan-2026 17:36:40 Asia/Tokyo] PHP Deprecated:  PHP Startup: Use of mbstring.internal_encoding is deprecated in Unknown on line 0
[02-Jan-2026 17:38:27 Asia/Tokyo] PHP Deprecated:  PHP Startup: Use of mbstring.http_input is deprecated in Unknown on line 0
[02-Jan-2026 17:38:27 Asia/Tokyo] PHP Deprecated:  PHP Startup: Use of mbstring.http_output is deprecated in Unknown on line 0
[02-Jan-2026 17:38:27 Asia/Tokyo] PHP Deprecated:  PHP Startup: Use of mbstring.internal_encoding is deprecated in Unknown on line 0
[02-Jan-2026 17:38:31 Asia/Tokyo] PHP Deprecated:  PHP Startup: Use of mbstring.http_input is deprecated in Unknown on line 0
[02-Jan-2026 17:38:31 Asia/Tokyo] PHP Deprecated:  PHP Startup: Use of mbstring.http_output is deprecated in Unknown on line 0
[02-Jan-2026 17:38:31 Asia/Tokyo] PHP Deprecated:  PHP Startup: Use of mbstring.internal_encoding is deprecated in Unknown on line 0
[02-Jan-2026 17:38:33 Asia/Tokyo] PHP Deprecated:  PHP Startup: Use of mbstring.http_input is deprecated in Unknown on line 0
[02-Jan-2026 17:38:33 Asia/Tokyo] PHP Deprecated:  PHP Startup: Use of mbstring.http_output is deprecated in Unknown on line 0
[02-Jan-2026 17:38:33 Asia/Tokyo] PHP Deprecated:  PHP Startup: Use of mbstring.internal_encoding is deprecated in Unknown on line 0
[02-Jan-2026 17:38:33 Asia/Tokyo] PHP Deprecated:  PHP Startup: Use of mbstring.http_input is deprecated in Unknown on line 0
[02-Jan-2026 17:38:33 Asia/Tokyo] PHP Deprecated:  PHP Startup: Use of mbstring.http_output is deprecated in Unknown on line 0
[02-Jan-2026 17:38:33 Asia/Tokyo] PHP Deprecated:  PHP Startup: Use of mbstring.internal_encoding is deprecated in Unknown on line 0
[02-Jan-2026 17:39:25 Asia/Tokyo] PHP Deprecated:  PHP Startup: Use of mbstring.http_input is deprecated in Unknown on line 0
[02-Jan-2026 17:39:25 Asia/Tokyo] PHP Deprecated:  PHP Startup: Use of mbstring.http_output is deprecated in Unknown on line 0
[02-Jan-2026 17:39:25 Asia/Tokyo] PHP Deprecated:  PHP Startup: Use of mbstring.internal_encoding is deprecated in Unknown on line 0
[02-Jan-2026 17:39:25 Asia/Tokyo] PHP Deprecated:  PHP Startup: Use of mbstring.http_input is deprecated in Unknown on line 0
[02-Jan-2026 17:39:25 Asia/Tokyo] PHP Deprecated:  PHP Startup: Use of mbstring.http_output is deprecated in Unknown on line 0
[02-Jan-2026 17:39:25 Asia/Tokyo] PHP Deprecated:  PHP Startup: Use of mbstring.internal_encoding is deprecated in Unknown on line 0
[02-Jan-2026 17:39:26 Asia/Tokyo] PHP Deprecated:  PHP Startup: Use of mbstring.http_input is deprecated in Unknown on line 0
[02-Jan-2026 17:39:26 Asia/Tokyo] PHP Deprecated:  PHP Startup: Use of mbstring.http_output is deprecated in Unknown on line 0
[02-Jan-2026 17:39:26 Asia/Tokyo] PHP Deprecated:  PHP Startup: Use of mbstring.internal_encoding is deprecated in Unknown on line 0
[02-Jan-2026 17:39:26 Asia/Tokyo] PHP Deprecated:  PHP Startup: Use of mbstring.http_input is deprecated in Unknown on line 0
[02-Jan-2026 17:39:26 Asia/Tokyo] PHP Deprecated:  PHP Startup: Use of mbstring.http_output is deprecated in Unknown on line 0
[02-Jan-2026 17:39:26 Asia/Tokyo] PHP Deprecated:  PHP Startup: Use of mbstring.internal_encoding is deprecated in Unknown on line 0
[02-Jan-2026 17:39:26 Asia/Tokyo] PHP Deprecated:  PHP Startup: Use of mbstring.http_input is deprecated in Unknown on line 0
[02-Jan-2026 17:39:26 Asia/Tokyo] PHP Deprecated:  PHP Startup: Use of mbstring.http_output is deprecated in Unknown on line 0
[02-Jan-2026 17:39:26 Asia/Tokyo] PHP Deprecated:  PHP Startup: Use of mbstring.internal_encoding is deprecated in Unknown on line 0
[02-Jan-2026 17:40:01 Asia/Tokyo] PHP Deprecated:  PHP Startup: Use of mbstring.http_input is deprecated in Unknown on line 0
[02-Jan-2026 17:40:01 Asia/Tokyo] PHP Deprecated:  PHP Startup: Use of mbstring.http_output is deprecated in Unknown on line 0
[02-Jan-2026 17:40:01 Asia/Tokyo] PHP Deprecated:  PHP Startup: Use of mbstring.internal_encoding is deprecated in Unknown on line 0
[02-Jan-2026 17:46:38 Asia/Tokyo] PHP Deprecated:  PHP Startup: Use of mbstring.http_input is deprecated in Unknown on line 0
[02-Jan-2026 17:46:38 Asia/Tokyo] PHP Deprecated:  PHP Startup: Use of mbstring.http_output is deprecated in Unknown on line 0
[02-Jan-2026 17:46:38 Asia/Tokyo] PHP Deprecated:  PHP Startup: Use of mbstring.internal_encoding is deprecated in Unknown on line 0
[02-Jan-2026 17:46:49 Asia/Tokyo] PHP Deprecated:  PHP Startup: Use of mbstring.http_input is deprecated in Unknown on line 0
[02-Jan-2026 17:46:49 Asia/Tokyo] PHP Deprecated:  PHP Startup: Use of mbstring.http_output is deprecated in Unknown on line 0
[02-Jan-2026 17:46:49 Asia/Tokyo] PHP Deprecated:  PHP Startup: Use of mbstring.internal_encoding is deprecated in Unknown on line 0
[02-Jan-2026 17:47:33 Asia/Tokyo] PHP Deprecated:  PHP Startup: Use of mbstring.http_input is deprecated in Unknown on line 0
[02-Jan-2026 17:47:33 Asia/Tokyo] PHP Deprecated:  PHP Startup: Use of mbstring.http_output is deprecated in Unknown on line 0
[02-Jan-2026 17:47:33 Asia/Tokyo] PHP Deprecated:  PHP Startup: Use of mbstring.internal_encoding is deprecated in Unknown on line 0
[02-Jan-2026 17:47:36 Asia/Tokyo] PHP Deprecated:  PHP Startup: Use of mbstring.http_input is deprecated in Unknown on line 0
[02-Jan-2026 17:47:36 Asia/Tokyo] PHP Deprecated:  PHP Startup: Use of mbstring.http_output is deprecated in Unknown on line 0
[02-Jan-2026 17:47:36 Asia/Tokyo] PHP Deprecated:  PHP Startup: Use of mbstring.internal_encoding is deprecated in Unknown on line 0
[02-Jan-2026 17:47:39 Asia/Tokyo] PHP Deprecated:  PHP Startup: Use of mbstring.http_input is deprecated in Unknown on line 0
[02-Jan-2026 17:47:39 Asia/Tokyo] PHP Deprecated:  PHP Startup: Use of mbstring.http_output is deprecated in Unknown on line 0
[02-Jan-2026 17:47:39 Asia/Tokyo] PHP Deprecated:  PHP Startup: Use of mbstring.internal_encoding is deprecated in Unknown on line 0
[02-Jan-2026 17:58:19 Asia/Tokyo] PHP Deprecated:  PHP Startup: Use of mbstring.http_input is deprecated in Unknown on line 0
[02-Jan-2026 17:58:19 Asia/Tokyo] PHP Deprecated:  PHP Startup: Use of mbstring.http_output is deprecated in Unknown on line 0
[02-Jan-2026 17:58:19 Asia/Tokyo] PHP Deprecated:  PHP Startup: Use of mbstring.internal_encoding is deprecated in Unknown on line 0
[02-Jan-2026 18:02:06 Asia/Tokyo] PHP Deprecated:  PHP Startup: Use of mbstring.http_input is deprecated in Unknown on line 0
[02-Jan-2026 18:02:06 Asia/Tokyo] PHP Deprecated:  PHP Startup: Use of mbstring.http_output is deprecated in Unknown on line 0
[02-Jan-2026 18:02:06 Asia/Tokyo] PHP Deprecated:  PHP Startup: Use of mbstring.internal_encoding is deprecated in Unknown on line 0
[02-Jan-2026 18:02:10 Asia/Tokyo] PHP Deprecated:  PHP Startup: Use of mbstring.http_input is deprecated in Unknown on line 0
[02-Jan-2026 18:02:10 Asia/Tokyo] PHP Deprecated:  PHP Startup: Use of mbstring.http_output is deprecated in Unknown on line 0
[02-Jan-2026 18:02:10 Asia/Tokyo] PHP Deprecated:  PHP Startup: Use of mbstring.internal_encoding is deprecated in Unknown on line 0
[02-Jan-2026 18:03:46 Asia/Tokyo] PHP Deprecated:  PHP Startup: Use of mbstring.http_input is deprecated in Unknown on line 0
[02-Jan-2026 18:03:46 Asia/Tokyo] PHP Deprecated:  PHP Startup: Use of mbstring.http_output is deprecated in Unknown on line 0
[02-Jan-2026 18:03:46 Asia/Tokyo] PHP Deprecated:  PHP Startup: Use of mbstring.internal_encoding is deprecated in Unknown on line 0
[02-Jan-2026 18:04:17 Asia/Tokyo] PHP Deprecated:  PHP Startup: Use of mbstring.http_input is deprecated in Unknown on line 0
[02-Jan-2026 18:04:17 Asia/Tokyo] PHP Deprecated:  PHP Startup: Use of mbstring.http_output is deprecated in Unknown on line 0
[02-Jan-2026 18:04:17 Asia/Tokyo] PHP Deprecated:  PHP Startup: Use of mbstring.internal_encoding is deprecated in Unknown on line 0
[02-Jan-2026 18:04:19 Asia/Tokyo] PHP Deprecated:  PHP Startup: Use of mbstring.http_input is deprecated in Unknown on line 0
[02-Jan-2026 18:04:19 Asia/Tokyo] PHP Deprecated:  PHP Startup: Use of mbstring.http_output is deprecated in Unknown on line 0
[02-Jan-2026 18:04:19 Asia/Tokyo] PHP Deprecated:  PHP Startup: Use of mbstring.internal_encoding is deprecated in Unknown on line 0
[02-Jan-2026 18:04:36 Asia/Tokyo] PHP Deprecated:  PHP Startup: Use of mbstring.http_input is deprecated in Unknown on line 0
[02-Jan-2026 18:04:36 Asia/Tokyo] PHP Deprecated:  PHP Startup: Use of mbstring.http_output is deprecated in Unknown on line 0
[02-Jan-2026 18:04:36 Asia/Tokyo] PHP Deprecated:  PHP Startup: Use of mbstring.internal_encoding is deprecated in Unknown on line 0
[02-Jan-2026 18:04:37 Asia/Tokyo] PHP Deprecated:  PHP Startup: Use of mbstring.http_input is deprecated in Unknown on line 0
[02-Jan-2026 18:04:37 Asia/Tokyo] PHP Deprecated:  PHP Startup: Use of mbstring.http_output is deprecated in Unknown on line 0
[02-Jan-2026 18:04:37 Asia/Tokyo] PHP Deprecated:  PHP Startup: Use of mbstring.internal_encoding is deprecated in Unknown on line 0
[02-Jan-2026 18:10:20 Asia/Tokyo] PHP Deprecated:  PHP Startup: Use of mbstring.http_input is deprecated in Unknown on line 0
[02-Jan-2026 18:10:20 Asia/Tokyo] PHP Deprecated:  PHP Startup: Use of mbstring.http_output is deprecated in Unknown on line 0
[02-Jan-2026 18:10:20 Asia/Tokyo] PHP Deprecated:  PHP Startup: Use of mbstring.internal_encoding is deprecated in Unknown on line 0
[02-Jan-2026 09:10:21 UTC] PHP Fatal error:  Cannot use Illuminate\Support\Facades\Route as Route because the name is already in use in /var/www/src/routes/web.php on line 29
[02-Jan-2026 18:10:41 Asia/Tokyo] PHP Deprecated:  PHP Startup: Use of mbstring.http_input is deprecated in Unknown on line 0
[02-Jan-2026 18:10:41 Asia/Tokyo] PHP Deprecated:  PHP Startup: Use of mbstring.http_output is deprecated in Unknown on line 0
[02-Jan-2026 18:10:41 Asia/Tokyo] PHP Deprecated:  PHP Startup: Use of mbstring.internal_encoding is deprecated in Unknown on line 0
[02-Jan-2026 18:11:00 Asia/Tokyo] PHP Deprecated:  PHP Startup: Use of mbstring.http_input is deprecated in Unknown on line 0
[02-Jan-2026 18:11:00 Asia/Tokyo] PHP Deprecated:  PHP Startup: Use of mbstring.http_output is deprecated in Unknown on line 0
[02-Jan-2026 18:11:00 Asia/Tokyo] PHP Deprecated:  PHP Startup: Use of mbstring.internal_encoding is deprecated in Unknown on line 0
[02-Jan-2026 18:11:50 Asia/Tokyo] PHP Deprecated:  PHP Startup: Use of mbstring.http_input is deprecated in Unknown on line 0
[02-Jan-2026 18:11:50 Asia/Tokyo] PHP Deprecated:  PHP Startup: Use of mbstring.http_output is deprecated in Unknown on line 0
[02-Jan-2026 18:11:50 Asia/Tokyo] PHP Deprecated:  PHP Startup: Use of mbstring.internal_encoding is deprecated in Unknown on line 0
[02-Jan-2026 18:15:13 Asia/Tokyo] PHP Deprecated:  PHP Startup: Use of mbstring.http_input is deprecated in Unknown on line 0
[02-Jan-2026 18:15:13 Asia/Tokyo] PHP Deprecated:  PHP Startup: Use of mbstring.http_output is deprecated in Unknown on line 0
[02-Jan-2026 18:15:13 Asia/Tokyo] PHP Deprecated:  PHP Startup: Use of mbstring.internal_encoding is deprecated in Unknown on line 0
[02-Jan-2026 18:15:13 Asia/Tokyo] PHP Deprecated:  PHP Startup: Use of mbstring.http_input is deprecated in Unknown on line 0
[02-Jan-2026 18:15:13 Asia/Tokyo] PHP Deprecated:  PHP Startup: Use of mbstring.http_output is deprecated in Unknown on line 0
[02-Jan-2026 18:15:13 Asia/Tokyo] PHP Deprecated:  PHP Startup: Use of mbstring.internal_encoding is deprecated in Unknown on line 0
[02-Jan-2026 18:15:13 Asia/Tokyo] PHP Deprecated:  PHP Startup: Use of mbstring.http_input is deprecated in Unknown on line 0
[02-Jan-2026 18:15:13 Asia/Tokyo] PHP Deprecated:  PHP Startup: Use of mbstring.http_output is deprecated in Unknown on line 0
[02-Jan-2026 18:15:13 Asia/Tokyo] PHP Deprecated:  PHP Startup: Use of mbstring.internal_encoding is deprecated in Unknown on line 0
[02-Jan-2026 18:55:07 Asia/Tokyo] PHP Deprecated:  PHP Startup: Use of mbstring.http_input is deprecated in Unknown on line 0
[02-Jan-2026 18:55:07 Asia/Tokyo] PHP Deprecated:  PHP Startup: Use of mbstring.http_output is deprecated in Unknown on line 0
[02-Jan-2026 18:55:07 Asia/Tokyo] PHP Deprecated:  PHP Startup: Use of mbstring.internal_encoding is deprecated in Unknown on line 0
[02-Jan-2026 18:55:07 Asia/Tokyo] PHP Deprecated:  PHP Startup: Use of mbstring.http_input is deprecated in Unknown on line 0
[02-Jan-2026 18:55:07 Asia/Tokyo] PHP Deprecated:  PHP Startup: Use of mbstring.http_output is deprecated in Unknown on line 0
[02-Jan-2026 18:55:07 Asia/Tokyo] PHP Deprecated:  PHP Startup: Use of mbstring.internal_encoding is deprecated in Unknown on line 0
[02-Jan-2026 18:55:07 Asia/Tokyo] PHP Deprecated:  PHP Startup: Use of mbstring.http_input is deprecated in Unknown on line 0
[02-Jan-2026 18:55:07 Asia/Tokyo] PHP Deprecated:  PHP Startup: Use of mbstring.http_output is deprecated in Unknown on line 0
[02-Jan-2026 18:55:07 Asia/Tokyo] PHP Deprecated:  PHP Startup: Use of mbstring.internal_encoding is deprecated in Unknown on line 0
[02-Jan-2026 18:57:56 Asia/Tokyo] PHP Deprecated:  PHP Startup: Use of mbstring.http_input is deprecated in Unknown on line 0
[02-Jan-2026 18:57:56 Asia/Tokyo] PHP Deprecated:  PHP Startup: Use of mbstring.http_output is deprecated in Unknown on line 0
[02-Jan-2026 18:57:56 Asia/Tokyo] PHP Deprecated:  PHP Startup: Use of mbstring.internal_encoding is deprecated in Unknown on line 0
[02-Jan-2026 18:58:03 Asia/Tokyo] PHP Deprecated:  PHP Startup: Use of mbstring.http_input is deprecated in Unknown on line 0
[02-Jan-2026 18:58:03 Asia/Tokyo] PHP Deprecated:  PHP Startup: Use of mbstring.http_output is deprecated in Unknown on line 0
[02-Jan-2026 18:58:03 Asia/Tokyo] PHP Deprecated:  PHP Startup: Use of mbstring.internal_encoding is deprecated in Unknown on line 0
[02-Jan-2026 19:01:13 Asia/Tokyo] PHP Deprecated:  PHP Startup: Use of mbstring.http_input is deprecated in Unknown on line 0
[02-Jan-2026 19:01:13 Asia/Tokyo] PHP Deprecated:  PHP Startup: Use of mbstring.http_output is deprecated in Unknown on line 0
[02-Jan-2026 19:01:13 Asia/Tokyo] PHP Deprecated:  PHP Startup: Use of mbstring.internal_encoding is deprecated in Unknown on line 0
[02-Jan-2026 19:01:13 Asia/Tokyo] PHP Deprecated:  PHP Startup: Use of mbstring.http_input is deprecated in Unknown on line 0
[02-Jan-2026 19:01:13 Asia/Tokyo] PHP Deprecated:  PHP Startup: Use of mbstring.http_output is deprecated in Unknown on line 0
[02-Jan-2026 19:01:13 Asia/Tokyo] PHP Deprecated:  PHP Startup: Use of mbstring.internal_encoding is deprecated in Unknown on line 0
[02-Jan-2026 19:01:13 Asia/Tokyo] PHP Deprecated:  PHP Startup: Use of mbstring.http_input is deprecated in Unknown on line 0
[02-Jan-2026 19:01:13 Asia/Tokyo] PHP Deprecated:  PHP Startup: Use of mbstring.http_output is deprecated in Unknown on line 0
[02-Jan-2026 19:01:13 Asia/Tokyo] PHP Deprecated:  PHP Startup: Use of mbstring.internal_encoding is deprecated in Unknown on line 0
[02-Jan-2026 19:01:13 Asia/Tokyo] PHP Deprecated:  PHP Startup: Use of mbstring.http_input is deprecated in Unknown on line 0
[02-Jan-2026 19:01:13 Asia/Tokyo] PHP Deprecated:  PHP Startup: Use of mbstring.http_output is deprecated in Unknown on line 0
[02-Jan-2026 19:01:13 Asia/Tokyo] PHP Deprecated:  PHP Startup: Use of mbstring.internal_encoding is deprecated in Unknown on line 0
[02-Jan-2026 19:01:14 Asia/Tokyo] PHP Deprecated:  PHP Startup: Use of mbstring.http_input is deprecated in Unknown on line 0
[02-Jan-2026 19:01:14 Asia/Tokyo] PHP Deprecated:  PHP Startup: Use of mbstring.http_output is deprecated in Unknown on line 0
[02-Jan-2026 19:01:14 Asia/Tokyo] PHP Deprecated:  PHP Startup: Use of mbstring.internal_encoding is deprecated in Unknown on line 0
[02-Jan-2026 19:11:48 Asia/Tokyo] PHP Deprecated:  PHP Startup: Use of mbstring.http_input is deprecated in Unknown on line 0
[02-Jan-2026 19:11:48 Asia/Tokyo] PHP Deprecated:  PHP Startup: Use of mbstring.http_output is deprecated in Unknown on line 0
[02-Jan-2026 19:11:48 Asia/Tokyo] PHP Deprecated:  PHP Startup: Use of mbstring.internal_encoding is deprecated in Unknown on line 0
[02-Jan-2026 19:11:48 Asia/Tokyo] PHP Deprecated:  PHP Startup: Use of mbstring.http_input is deprecated in Unknown on line 0
[02-Jan-2026 19:11:48 Asia/Tokyo] PHP Deprecated:  PHP Startup: Use of mbstring.http_output is deprecated in Unknown on line 0
[02-Jan-2026 19:11:48 Asia/Tokyo] PHP Deprecated:  PHP Startup: Use of mbstring.internal_encoding is deprecated in Unknown on line 0
[02-Jan-2026 19:11:48 Asia/Tokyo] PHP Deprecated:  PHP Startup: Use of mbstring.http_input is deprecated in Unknown on line 0
[02-Jan-2026 19:11:48 Asia/Tokyo] PHP Deprecated:  PHP Startup: Use of mbstring.http_output is deprecated in Unknown on line 0
[02-Jan-2026 19:11:48 Asia/Tokyo] PHP Deprecated:  PHP Startup: Use of mbstring.internal_encoding is deprecated in Unknown on line 0
[02-Jan-2026 19:27:38 Asia/Tokyo] PHP Deprecated:  PHP Startup: Use of mbstring.http_input is deprecated in Unknown on line 0
[02-Jan-2026 19:27:38 Asia/Tokyo] PHP Deprecated:  PHP Startup: Use of mbstring.http_output is deprecated in Unknown on line 0
[02-Jan-2026 19:27:38 Asia/Tokyo] PHP Deprecated:  PHP Startup: Use of mbstring.internal_encoding is deprecated in Unknown on line 0
[02-Jan-2026 19:35:23 Asia/Tokyo] PHP Deprecated:  PHP Startup: Use of mbstring.http_input is deprecated in Unknown on line 0
[02-Jan-2026 19:35:23 Asia/Tokyo] PHP Deprecated:  PHP Startup: Use of mbstring.http_output is deprecated in Unknown on line 0
[02-Jan-2026 19:35:23 Asia/Tokyo] PHP Deprecated:  PHP Startup: Use of mbstring.internal_encoding is deprecated in Unknown on line 0
[02-Jan-2026 19:35:23 Asia/Tokyo] PHP Deprecated:  PHP Startup: Use of mbstring.http_input is deprecated in Unknown on line 0
[02-Jan-2026 19:35:23 Asia/Tokyo] PHP Deprecated:  PHP Startup: Use of mbstring.http_output is deprecated in Unknown on line 0
[02-Jan-2026 19:35:23 Asia/Tokyo] PHP Deprecated:  PHP Startup: Use of mbstring.internal_encoding is deprecated in Unknown on line 0
[02-Jan-2026 19:35:23 Asia/Tokyo] PHP Deprecated:  PHP Startup: Use of mbstring.http_input is deprecated in Unknown on line 0
[02-Jan-2026 19:35:23 Asia/Tokyo] PHP Deprecated:  PHP Startup: Use of mbstring.http_output is deprecated in Unknown on line 0
[02-Jan-2026 19:35:23 Asia/Tokyo] PHP Deprecated:  PHP Startup: Use of mbstring.internal_encoding is deprecated in Unknown on line 0
[02-Jan-2026 19:35:24 Asia/Tokyo] PHP Deprecated:  PHP Startup: Use of mbstring.http_input is deprecated in Unknown on line 0
[02-Jan-2026 19:35:24 Asia/Tokyo] PHP Deprecated:  PHP Startup: Use of mbstring.http_output is deprecated in Unknown on line 0
[02-Jan-2026 19:35:24 Asia/Tokyo] PHP Deprecated:  PHP Startup: Use of mbstring.internal_encoding is deprecated in Unknown on line 0
[02-Jan-2026 19:35:24 Asia/Tokyo] PHP Deprecated:  PHP Startup: Use of mbstring.http_input is deprecated in Unknown on line 0
[02-Jan-2026 19:35:24 Asia/Tokyo] PHP Deprecated:  PHP Startup: Use of mbstring.http_output is deprecated in Unknown on line 0
[02-Jan-2026 19:35:24 Asia/Tokyo] PHP Deprecated:  PHP Startup: Use of mbstring.internal_encoding is deprecated in Unknown on line 0
[02-Jan-2026 19:37:37 Asia/Tokyo] PHP Deprecated:  PHP Startup: Use of mbstring.http_input is deprecated in Unknown on line 0
[02-Jan-2026 19:37:37 Asia/Tokyo] PHP Deprecated:  PHP Startup: Use of mbstring.http_output is deprecated in Unknown on line 0
[02-Jan-2026 19:37:37 Asia/Tokyo] PHP Deprecated:  PHP Startup: Use of mbstring.internal_encoding is deprecated in Unknown on line 0
[02-Jan-2026 19:37:38 Asia/Tokyo] PHP Deprecated:  PHP Startup: Use of mbstring.http_input is deprecated in Unknown on line 0
[02-Jan-2026 19:37:38 Asia/Tokyo] PHP Deprecated:  PHP Startup: Use of mbstring.http_output is deprecated in Unknown on line 0
[02-Jan-2026 19:37:38 Asia/Tokyo] PHP Deprecated:  PHP Startup: Use of mbstring.internal_encoding is deprecated in Unknown on line 0
[02-Jan-2026 19:37:38 Asia/Tokyo] PHP Deprecated:  PHP Startup: Use of mbstring.http_input is deprecated in Unknown on line 0
[02-Jan-2026 19:37:38 Asia/Tokyo] PHP Deprecated:  PHP Startup: Use of mbstring.http_output is deprecated in Unknown on line 0
[02-Jan-2026 19:37:38 Asia/Tokyo] PHP Deprecated:  PHP Startup: Use of mbstring.internal_encoding is deprecated in Unknown on line 0
[02-Jan-2026 19:37:38 Asia/Tokyo] PHP Deprecated:  PHP Startup: Use of mbstring.http_input is deprecated in Unknown on line 0
[02-Jan-2026 19:37:38 Asia/Tokyo] PHP Deprecated:  PHP Startup: Use of mbstring.http_output is deprecated in Unknown on line 0
[02-Jan-2026 19:37:38 Asia/Tokyo] PHP Deprecated:  PHP Startup: Use of mbstring.internal_encoding is deprecated in Unknown on line 0
[02-Jan-2026 19:37:38 Asia/Tokyo] PHP Deprecated:  PHP Startup: Use of mbstring.http_input is deprecated in Unknown on line 0
[02-Jan-2026 19:37:38 Asia/Tokyo] PHP Deprecated:  PHP Startup: Use of mbstring.http_output is deprecated in Unknown on line 0
[02-Jan-2026 19:37:38 Asia/Tokyo] PHP Deprecated:  PHP Startup: Use of mbstring.internal_encoding is deprecated in Unknown on line 0
[02-Jan-2026 19:53:28 Asia/Tokyo] PHP Deprecated:  PHP Startup: Use of mbstring.http_input is deprecated in Unknown on line 0
[02-Jan-2026 19:53:28 Asia/Tokyo] PHP Deprecated:  PHP Startup: Use of mbstring.http_output is deprecated in Unknown on line 0
[02-Jan-2026 19:53:28 Asia/Tokyo] PHP Deprecated:  PHP Startup: Use of mbstring.internal_encoding is deprecated in Unknown on line 0
[02-Jan-2026 20:16:09 Asia/Tokyo] PHP Deprecated:  PHP Startup: Use of mbstring.http_input is deprecated in Unknown on line 0
[02-Jan-2026 20:16:09 Asia/Tokyo] PHP Deprecated:  PHP Startup: Use of mbstring.http_output is deprecated in Unknown on line 0
[02-Jan-2026 20:16:09 Asia/Tokyo] PHP Deprecated:  PHP Startup: Use of mbstring.internal_encoding is deprecated in Unknown on line 0
[02-Jan-2026 20:16:24 Asia/Tokyo] PHP Deprecated:  PHP Startup: Use of mbstring.http_input is deprecated in Unknown on line 0
[02-Jan-2026 20:16:24 Asia/Tokyo] PHP Deprecated:  PHP Startup: Use of mbstring.http_output is deprecated in Unknown on line 0
[02-Jan-2026 20:16:24 Asia/Tokyo] PHP Deprecated:  PHP Startup: Use of mbstring.internal_encoding is deprecated in Unknown on line 0
[02-Jan-2026 20:16:24 Asia/Tokyo] PHP Deprecated:  PHP Startup: Use of mbstring.http_input is deprecated in Unknown on line 0
[02-Jan-2026 20:16:24 Asia/Tokyo] PHP Deprecated:  PHP Startup: Use of mbstring.http_output is deprecated in Unknown on line 0
[02-Jan-2026 20:16:24 Asia/Tokyo] PHP Deprecated:  PHP Startup: Use of mbstring.internal_encoding is deprecated in Unknown on line 0
[02-Jan-2026 20:16:25 Asia/Tokyo] PHP Deprecated:  PHP Startup: Use of mbstring.http_input is deprecated in Unknown on line 0
[02-Jan-2026 20:16:25 Asia/Tokyo] PHP Deprecated:  PHP Startup: Use of mbstring.http_output is deprecated in Unknown on line 0
[02-Jan-2026 20:16:25 Asia/Tokyo] PHP Deprecated:  PHP Startup: Use of mbstring.internal_encoding is deprecated in Unknown on line 0
[02-Jan-2026 20:16:25 Asia/Tokyo] PHP Deprecated:  PHP Startup: Use of mbstring.http_input is deprecated in Unknown on line 0
[02-Jan-2026 20:16:25 Asia/Tokyo] PHP Deprecated:  PHP Startup: Use of mbstring.http_output is deprecated in Unknown on line 0
[02-Jan-2026 20:16:25 Asia/Tokyo] PHP Deprecated:  PHP Startup: Use of mbstring.internal_encoding is deprecated in Unknown on line 0
[02-Jan-2026 20:19:58 Asia/Tokyo] PHP Deprecated:  PHP Startup: Use of mbstring.http_input is deprecated in Unknown on line 0
[02-Jan-2026 20:19:58 Asia/Tokyo] PHP Deprecated:  PHP Startup: Use of mbstring.http_output is deprecated in Unknown on line 0
[02-Jan-2026 20:19:58 Asia/Tokyo] PHP Deprecated:  PHP Startup: Use of mbstring.internal_encoding is deprecated in Unknown on line 0
[02-Jan-2026 20:27:43 Asia/Tokyo] PHP Deprecated:  PHP Startup: Use of mbstring.http_input is deprecated in Unknown on line 0
[02-Jan-2026 20:27:43 Asia/Tokyo] PHP Deprecated:  PHP Startup: Use of mbstring.http_output is deprecated in Unknown on line 0
[02-Jan-2026 20:27:43 Asia/Tokyo] PHP Deprecated:  PHP Startup: Use of mbstring.internal_encoding is deprecated in Unknown on line 0
[02-Jan-2026 20:27:44 Asia/Tokyo] PHP Deprecated:  PHP Startup: Use of mbstring.http_input is deprecated in Unknown on line 0
[02-Jan-2026 20:27:44 Asia/Tokyo] PHP Deprecated:  PHP Startup: Use of mbstring.http_output is deprecated in Unknown on line 0
[02-Jan-2026 20:27:44 Asia/Tokyo] PHP Deprecated:  PHP Startup: Use of mbstring.internal_encoding is deprecated in Unknown on line 0
[02-Jan-2026 20:27:44 Asia/Tokyo] PHP Deprecated:  PHP Startup: Use of mbstring.http_input is deprecated in Unknown on line 0
[02-Jan-2026 20:27:44 Asia/Tokyo] PHP Deprecated:  PHP Startup: Use of mbstring.http_output is deprecated in Unknown on line 0
[02-Jan-2026 20:27:44 Asia/Tokyo] PHP Deprecated:  PHP Startup: Use of mbstring.internal_encoding is deprecated in Unknown on line 0
[02-Jan-2026 20:27:44 Asia/Tokyo] PHP Deprecated:  PHP Startup: Use of mbstring.http_input is deprecated in Unknown on line 0
[02-Jan-2026 20:27:44 Asia/Tokyo] PHP Deprecated:  PHP Startup: Use of mbstring.http_output is deprecated in Unknown on line 0
[02-Jan-2026 20:27:44 Asia/Tokyo] PHP Deprecated:  PHP Startup: Use of mbstring.internal_encoding is deprecated in Unknown on line 0
[02-Jan-2026 20:27:44 Asia/Tokyo] PHP Deprecated:  PHP Startup: Use of mbstring.http_input is deprecated in Unknown on line 0
[02-Jan-2026 20:27:44 Asia/Tokyo] PHP Deprecated:  PHP Startup: Use of mbstring.http_output is deprecated in Unknown on line 0
[02-Jan-2026 20:27:44 Asia/Tokyo] PHP Deprecated:  PHP Startup: Use of mbstring.internal_encoding is deprecated in Unknown on line 0
[02-Jan-2026 20:31:53 Asia/Tokyo] PHP Deprecated:  PHP Startup: Use of mbstring.http_input is deprecated in Unknown on line 0
[02-Jan-2026 20:31:53 Asia/Tokyo] PHP Deprecated:  PHP Startup: Use of mbstring.http_output is deprecated in Unknown on line 0
[02-Jan-2026 20:31:53 Asia/Tokyo] PHP Deprecated:  PHP Startup: Use of mbstring.internal_encoding is deprecated in Unknown on line 0
[02-Jan-2026 20:34:07 Asia/Tokyo] PHP Deprecated:  PHP Startup: Use of mbstring.http_input is deprecated in Unknown on line 0
[02-Jan-2026 20:34:07 Asia/Tokyo] PHP Deprecated:  PHP Startup: Use of mbstring.http_output is deprecated in Unknown on line 0
[02-Jan-2026 20:34:07 Asia/Tokyo] PHP Deprecated:  PHP Startup: Use of mbstring.internal_encoding is deprecated in Unknown on line 0
[02-Jan-2026 20:35:02 Asia/Tokyo] PHP Deprecated:  PHP Startup: Use of mbstring.http_input is deprecated in Unknown on line 0
[02-Jan-2026 20:35:02 Asia/Tokyo] PHP Deprecated:  PHP Startup: Use of mbstring.http_output is deprecated in Unknown on line 0
[02-Jan-2026 20:35:02 Asia/Tokyo] PHP Deprecated:  PHP Startup: Use of mbstring.internal_encoding is deprecated in Unknown on line 0
[02-Jan-2026 20:35:27 Asia/Tokyo] PHP Deprecated:  PHP Startup: Use of mbstring.http_input is deprecated in Unknown on line 0
[02-Jan-2026 20:35:27 Asia/Tokyo] PHP Deprecated:  PHP Startup: Use of mbstring.http_output is deprecated in Unknown on line 0
[02-Jan-2026 20:35:27 Asia/Tokyo] PHP Deprecated:  PHP Startup: Use of mbstring.internal_encoding is deprecated in Unknown on line 0
[02-Jan-2026 20:37:46 Asia/Tokyo] PHP Deprecated:  PHP Startup: Use of mbstring.http_input is deprecated in Unknown on line 0
[02-Jan-2026 20:37:46 Asia/Tokyo] PHP Deprecated:  PHP Startup: Use of mbstring.http_output is deprecated in Unknown on line 0
[02-Jan-2026 20:37:46 Asia/Tokyo] PHP Deprecated:  PHP Startup: Use of mbstring.internal_encoding is deprecated in Unknown on line 0
[02-Jan-2026 20:40:12 Asia/Tokyo] PHP Deprecated:  PHP Startup: Use of mbstring.http_input is deprecated in Unknown on line 0
[02-Jan-2026 20:40:12 Asia/Tokyo] PHP Deprecated:  PHP Startup: Use of mbstring.http_output is deprecated in Unknown on line 0
[02-Jan-2026 20:40:12 Asia/Tokyo] PHP Deprecated:  PHP Startup: Use of mbstring.internal_encoding is deprecated in Unknown on line 0
[02-Jan-2026 20:42:08 Asia/Tokyo] PHP Deprecated:  PHP Startup: Use of mbstring.http_input is deprecated in Unknown on line 0
[02-Jan-2026 20:42:08 Asia/Tokyo] PHP Deprecated:  PHP Startup: Use of mbstring.http_output is deprecated in Unknown on line 0
[02-Jan-2026 20:42:08 Asia/Tokyo] PHP Deprecated:  PHP Startup: Use of mbstring.internal_encoding is deprecated in Unknown on line 0
[02-Jan-2026 20:42:22 Asia/Tokyo] PHP Deprecated:  PHP Startup: Use of mbstring.http_input is deprecated in Unknown on line 0
[02-Jan-2026 20:42:22 Asia/Tokyo] PHP Deprecated:  PHP Startup: Use of mbstring.http_output is deprecated in Unknown on line 0
[02-Jan-2026 20:42:22 Asia/Tokyo] PHP Deprecated:  PHP Startup: Use of mbstring.internal_encoding is deprecated in Unknown on line 0
[02-Jan-2026 20:42:22 Asia/Tokyo] PHP Deprecated:  PHP Startup: Use of mbstring.http_input is deprecated in Unknown on line 0
[02-Jan-2026 20:42:22 Asia/Tokyo] PHP Deprecated:  PHP Startup: Use of mbstring.http_output is deprecated in Unknown on line 0
[02-Jan-2026 20:42:22 Asia/Tokyo] PHP Deprecated:  PHP Startup: Use of mbstring.internal_encoding is deprecated in Unknown on line 0
[02-Jan-2026 20:42:23 Asia/Tokyo] PHP Deprecated:  PHP Startup: Use of mbstring.http_input is deprecated in Unknown on line 0
[02-Jan-2026 20:42:23 Asia/Tokyo] PHP Deprecated:  PHP Startup: Use of mbstring.http_output is deprecated in Unknown on line 0
[02-Jan-2026 20:42:23 Asia/Tokyo] PHP Deprecated:  PHP Startup: Use of mbstring.internal_encoding is deprecated in Unknown on line 0
[02-Jan-2026 21:00:45 Asia/Tokyo] PHP Deprecated:  PHP Startup: Use of mbstring.http_input is deprecated in Unknown on line 0
[02-Jan-2026 21:00:45 Asia/Tokyo] PHP Deprecated:  PHP Startup: Use of mbstring.http_output is deprecated in Unknown on line 0
[02-Jan-2026 21:00:45 Asia/Tokyo] PHP Deprecated:  PHP Startup: Use of mbstring.internal_encoding is deprecated in Unknown on line 0
[02-Jan-2026 21:00:45 Asia/Tokyo] PHP Deprecated:  PHP Startup: Use of mbstring.http_input is deprecated in Unknown on line 0
[02-Jan-2026 21:00:45 Asia/Tokyo] PHP Deprecated:  PHP Startup: Use of mbstring.http_output is deprecated in Unknown on line 0
[02-Jan-2026 21:00:45 Asia/Tokyo] PHP Deprecated:  PHP Startup: Use of mbstring.internal_encoding is deprecated in Unknown on line 0
[02-Jan-2026 21:00:45 Asia/Tokyo] PHP Deprecated:  PHP Startup: Use of mbstring.http_input is deprecated in Unknown on line 0
[02-Jan-2026 21:00:45 Asia/Tokyo] PHP Deprecated:  PHP Startup: Use of mbstring.http_output is deprecated in Unknown on line 0
[02-Jan-2026 21:00:45 Asia/Tokyo] PHP Deprecated:  PHP Startup: Use of mbstring.internal_encoding is deprecated in Unknown on line 0
[02-Jan-2026 21:00:45 Asia/Tokyo] PHP Deprecated:  PHP Startup: Use of mbstring.http_input is deprecated in Unknown on line 0
[02-Jan-2026 21:00:45 Asia/Tokyo] PHP Deprecated:  PHP Startup: Use of mbstring.http_output is deprecated in Unknown on line 0
[02-Jan-2026 21:00:45 Asia/Tokyo] PHP Deprecated:  PHP Startup: Use of mbstring.internal_encoding is deprecated in Unknown on line 0
[02-Jan-2026 21:00:46 Asia/Tokyo] PHP Deprecated:  PHP Startup: Use of mbstring.http_input is deprecated in Unknown on line 0
[02-Jan-2026 21:00:46 Asia/Tokyo] PHP Deprecated:  PHP Startup: Use of mbstring.http_output is deprecated in Unknown on line 0
[02-Jan-2026 21:00:46 Asia/Tokyo] PHP Deprecated:  PHP Startup: Use of mbstring.internal_encoding is deprecated in Unknown on line 0
[02-Jan-2026 21:01:01 Asia/Tokyo] PHP Deprecated:  PHP Startup: Use of mbstring.http_input is deprecated in Unknown on line 0
[02-Jan-2026 21:01:01 Asia/Tokyo] PHP Deprecated:  PHP Startup: Use of mbstring.http_output is deprecated in Unknown on line 0
[02-Jan-2026 21:01:01 Asia/Tokyo] PHP Deprecated:  PHP Startup: Use of mbstring.internal_encoding is deprecated in Unknown on line 0
[02-Jan-2026 21:01:01 Asia/Tokyo] PHP Deprecated:  PHP Startup: Use of mbstring.http_input is deprecated in Unknown on line 0
[02-Jan-2026 21:01:01 Asia/Tokyo] PHP Deprecated:  PHP Startup: Use of mbstring.http_output is deprecated in Unknown on line 0
[02-Jan-2026 21:01:01 Asia/Tokyo] PHP Deprecated:  PHP Startup: Use of mbstring.internal_encoding is deprecated in Unknown on line 0
[02-Jan-2026 21:01:01 Asia/Tokyo] PHP Deprecated:  PHP Startup: Use of mbstring.http_input is deprecated in Unknown on line 0
[02-Jan-2026 21:01:01 Asia/Tokyo] PHP Deprecated:  PHP Startup: Use of mbstring.http_output is deprecated in Unknown on line 0
[02-Jan-2026 21:01:01 Asia/Tokyo] PHP Deprecated:  PHP Startup: Use of mbstring.internal_encoding is deprecated in Unknown on line 0
